{"meta": {"format": 3, "version": "7.13.0", "timestamp": "2026-02-01T22:49:46.622074", "branch_coverage": false, "show_contexts": false}, "files": {"tests/__init__.py": {"executed_lines": [1], "summary": {"covered_lines": 0, "num_statements": 0, "percent_covered": 100.0, "percent_covered_display": "100", "missing_lines": 0, "excluded_lines": 0, "percent_statements_covered": 100.0, "percent_statements_covered_display": "100"}, "missing_lines": [], "excluded_lines": [], "functions": {"": {"executed_lines": [1], "summary": {"covered_lines": 0, "num_statements": 0, "percent_covered": 100.0, "percent_covered_display": "100", "missing_lines": 0, "excluded_lines": 0, "percent_statements_covered": 100.0, "percent_statements_covered_display": "100"}, "missing_lines": [], "excluded_lines": []}}, "classes": {"": {"executed_lines": [1], "summary": {"covered_lines": 0, "num_statements": 0, "percent_covered": 100.0, "percent_covered_display": "100", "missing_lines": 0, "excluded_lines": 0, "percent_statements_covered": 100.0, "percent_statements_covered_display": "100"}, "missing_lines": [], "excluded_lines": []}}}, "tests/conftest.py": {"executed_lines": [1, 3, 4, 5, 6, 7, 8, 11, 12, 19, 20, 37, 38, 64, 65, 99, 100], "summary": {"covered_lines": 16, "num_statements": 32, "percent_covered": 50.0, "percent_covered_display": "50", "missing_lines": 16, "excluded_lines": 0, "percent_statements_covered": 50.0, "percent_statements_covered_display": "50"}, "missing_lines": [14, 15, 16, 22, 40, 67, 68, 71, 72, 78, 86, 87, 88, 95, 96, 102], "excluded_lines": [], "functions": {"temp_dir": {"executed_lines": [], "summary": {"covered_lines": 0, "num_statements": 3, "percent_covered": 0.0, "percent_covered_display": "0", "missing_lines": 3, "excluded_lines": 0, "percent_statements_covered": 0.0, "percent_statements_covered_display": "0"}, "missing_lines": [14, 15, 16], "excluded_lines": []}, "sample_pr_diff": {"executed_lines": [], "summary": {"covered_lines": 0, "num_statements": 1, "percent_covered": 0.0, "percent_covered_display": "0", "missing_lines": 1, "excluded_lines": 0, "percent_statements_covered": 0.0, "percent_statements_covered_display": "0"}, "missing_lines": [22], "excluded_lines": []}, "sample_spec": {"executed_lines": [], "summary": {"covered_lines": 0, "num_statements": 1, "percent_covered": 0.0, "percent_covered_display": "0", "missing_lines": 1, "excluded_lines": 0, "percent_statements_covered": 0.0, "percent_statements_covered_display": "0"}, "missing_lines": [40], "excluded_lines": []}, "mock_repo": {"executed_lines": [], "summary": {"covered_lines": 0, "num_statements": 10, "percent_covered": 0.0, "percent_covered_display": "0", "missing_lines": 10, "excluded_lines": 0, "percent_statements_covered": 0.0, "percent_statements_covered_display": "0"}, "missing_lines": [67, 68, 71, 72, 78, 86, 87, 88, 95, 96], "excluded_lines": []}, "action_path": {"executed_lines": [], "summary": {"covered_lines": 0, "num_statements": 1, "percent_covered": 0.0, "percent_covered_display": "0", "missing_lines": 1, "excluded_lines": 0, "percent_statements_covered": 0.0, "percent_statements_covered_display": "0"}, "missing_lines": [102], "excluded_lines": []}, "": {"executed_lines": [1, 3, 4, 5, 6, 7, 8, 11, 12, 19, 20, 37, 38, 64, 65, 99, 100], "summary": {"covered_lines": 16, "num_statements": 16, "percent_covered": 100.0, "percent_covered_display": "100", "missing_lines": 0, "excluded_lines": 0, "percent_statements_covered": 100.0, "percent_statements_covered_display": "100"}, "missing_lines": [], "excluded_lines": []}}, "classes": {"": {"executed_lines": [1, 3, 4, 5, 6, 7, 8, 11, 12, 19, 20, 37, 38, 64, 65, 99, 100], "summary": {"covered_lines": 16, "num_statements": 32, "percent_covered": 50.0, "percent_covered_display": "50", "missing_lines": 16, "excluded_lines": 0, "percent_statements_covered": 50.0, "percent_statements_covered_display": "50"}, "missing_lines": [14, 15, 16, 22, 40, 67, 68, 71, 72, 78, 86, 87, 88, 95, 96, 102], "excluded_lines": []}}}, "tests/test_review_and_merge/__init__.py": {"executed_lines": [1], "summary": {"covered_lines": 0, "num_statements": 0, "percent_covered": 100.0, "percent_covered_display": "100", "missing_lines": 0, "excluded_lines": 0, "percent_statements_covered": 100.0, "percent_statements_covered_display": "100"}, "missing_lines": [], "excluded_lines": [], "functions": {"": {"executed_lines": [1], "summary": {"covered_lines": 0, "num_statements": 0, "percent_covered": 100.0, "percent_covered_display": "100", "missing_lines": 0, "excluded_lines": 0, "percent_statements_covered": 100.0, "percent_statements_covered_display": "100"}, "missing_lines": [], "excluded_lines": []}}, "classes": {"": {"executed_lines": [1], "summary": {"covered_lines": 0, "num_statements": 0, "percent_covered": 100.0, "percent_covered_display": "100", "missing_lines": 0, "excluded_lines": 0, "percent_statements_covered": 100.0, "percent_statements_covered_display": "100"}, "missing_lines": [], "excluded_lines": []}}}, "tests/test_review_and_merge/test_review_action.py": {"executed_lines": [1, 3, 4, 5, 6, 7, 8, 11, 12, 14, 24, 35, 51, 61, 67, 72, 77, 82, 87, 97, 107, 120, 130, 139, 150, 151, 153, 168, 177, 186, 194, 207, 215], "summary": {"covered_lines": 30, "num_statements": 132, "percent_covered": 22.727272727272727, "percent_covered_display": "23", "missing_lines": 102, "excluded_lines": 0, "percent_statements_covered": 22.727272727272727, "percent_statements_covered_display": "23"}, "missing_lines": [16, 17, 18, 19, 20, 21, 22, 26, 27, 30, 31, 32, 33, 37, 38, 41, 47, 48, 49, 53, 54, 57, 58, 59, 63, 64, 65, 69, 70, 74, 75, 79, 80, 84, 85, 89, 90, 93, 94, 95, 99, 100, 103, 104, 105, 109, 110, 113, 114, 115, 118, 122, 123, 125, 126, 127, 128, 132, 133, 135, 136, 137, 141, 142, 144, 145, 146, 147, 155, 158, 159, 160, 161, 162, 163, 164, 165, 166, 170, 171, 174, 175, 179, 180, 183, 184, 188, 189, 192, 196, 199, 200, 203, 204, 205, 209, 211, 212, 213, 217, 219, 220], "excluded_lines": [], "functions": {"TestReviewAction.test_action_yaml_exists": {"executed_lines": [], "summary": {"covered_lines": 0, "num_statements": 7, "percent_covered": 0.0, "percent_covered_display": "0", "missing_lines": 7, "excluded_lines": 0, "percent_statements_covered": 0.0, "percent_statements_covered_display": "0"}, "missing_lines": [16, 17, 18, 19, 20, 21, 22], "excluded_lines": []}, "TestReviewAction.test_action_required_inputs": {"executed_lines": [], "summary": {"covered_lines": 0, "num_statements": 6, "percent_covered": 0.0, "percent_covered_display": "0", "missing_lines": 6, "excluded_lines": 0, "percent_statements_covered": 0.0, "percent_statements_covered_display": "0"}, "missing_lines": [26, 27, 30, 31, 32, 33], "excluded_lines": []}, "TestReviewAction.test_action_optional_inputs": {"executed_lines": [], "summary": {"covered_lines": 0, "num_statements": 6, "percent_covered": 0.0, "percent_covered_display": "0", "missing_lines": 6, "excluded_lines": 0, "percent_statements_covered": 0.0, "percent_statements_covered_display": "0"}, "missing_lines": [37, 38, 41, 47, 48, 49], "excluded_lines": []}, "TestReviewAction.test_action_outputs": {"executed_lines": [], "summary": {"covered_lines": 0, "num_statements": 5, "percent_covered": 0.0, "percent_covered_display": "0", "missing_lines": 5, "excluded_lines": 0, "percent_statements_covered": 0.0, "percent_statements_covered_display": "0"}, "missing_lines": [53, 54, 57, 58, 59], "excluded_lines": []}, "TestReviewAction.test_review_script_exists": {"executed_lines": [], "summary": {"covered_lines": 0, "num_statements": 3, "percent_covered": 0.0, "percent_covered_display": "0", "missing_lines": 3, "excluded_lines": 0, "percent_statements_covered": 0.0, "percent_statements_covered_display": "0"}, "missing_lines": [63, 64, 65], "excluded_lines": []}, "TestReviewAction.test_post_comment_script_exists": {"executed_lines": [], "summary": {"covered_lines": 0, "num_statements": 2, "percent_covered": 0.0, "percent_covered_display": "0", "missing_lines": 2, "excluded_lines": 0, "percent_statements_covered": 0.0, "percent_statements_covered_display": "0"}, "missing_lines": [69, 70], "excluded_lines": []}, "TestReviewAction.test_review_prompt_template_exists": {"executed_lines": [], "summary": {"covered_lines": 0, "num_statements": 2, "percent_covered": 0.0, "percent_covered_display": "0", "missing_lines": 2, "excluded_lines": 0, "percent_statements_covered": 0.0, "percent_statements_covered_display": "0"}, "missing_lines": [74, 75], "excluded_lines": []}, "TestReviewAction.test_fix_prompt_template_exists": {"executed_lines": [], "summary": {"covered_lines": 0, "num_statements": 2, "percent_covered": 0.0, "percent_covered_display": "0", "missing_lines": 2, "excluded_lines": 0, "percent_statements_covered": 0.0, "percent_statements_covered_display": "0"}, "missing_lines": [79, 80], "excluded_lines": []}, "TestReviewAction.test_comment_template_exists": {"executed_lines": [], "summary": {"covered_lines": 0, "num_statements": 2, "percent_covered": 0.0, "percent_covered_display": "0", "missing_lines": 2, "excluded_lines": 0, "percent_statements_covered": 0.0, "percent_statements_covered_display": "0"}, "missing_lines": [84, 85], "excluded_lines": []}, "TestReviewAction.test_review_script_has_error_handling": {"executed_lines": [], "summary": {"covered_lines": 0, "num_statements": 5, "percent_covered": 0.0, "percent_covered_display": "0", "missing_lines": 5, "excluded_lines": 0, "percent_statements_covered": 0.0, "percent_statements_covered_display": "0"}, "missing_lines": [89, 90, 93, 94, 95], "excluded_lines": []}, "TestReviewAction.test_review_script_handles_auto_fix_mode": {"executed_lines": [], "summary": {"covered_lines": 0, "num_statements": 5, "percent_covered": 0.0, "percent_covered_display": "0", "missing_lines": 5, "excluded_lines": 0, "percent_statements_covered": 0.0, "percent_statements_covered_display": "0"}, "missing_lines": [99, 100, 103, 104, 105], "excluded_lines": []}, "TestReviewAction.test_review_script_handles_git_operations": {"executed_lines": [], "summary": {"covered_lines": 0, "num_statements": 6, "percent_covered": 0.0, "percent_covered_display": "0", "missing_lines": 6, "excluded_lines": 0, "percent_statements_covered": 0.0, "percent_statements_covered_display": "0"}, "missing_lines": [109, 110, 113, 114, 115, 118], "excluded_lines": []}, "TestReviewAction.test_review_script_validates_json": {"executed_lines": [], "summary": {"covered_lines": 0, "num_statements": 6, "percent_covered": 0.0, "percent_covered_display": "0", "missing_lines": 6, "excluded_lines": 0, "percent_statements_covered": 0.0, "percent_statements_covered_display": "0"}, "missing_lines": [122, 123, 125, 126, 127, 128], "excluded_lines": []}, "TestReviewAction.test_review_script_validates_verdict_values": {"executed_lines": [], "summary": {"covered_lines": 0, "num_statements": 5, "percent_covered": 0.0, "percent_covered_display": "0", "missing_lines": 5, "excluded_lines": 0, "percent_statements_covered": 0.0, "percent_statements_covered_display": "0"}, "missing_lines": [132, 133, 135, 136, 137], "excluded_lines": []}, "TestReviewAction.test_review_script_sets_github_outputs": {"executed_lines": [], "summary": {"covered_lines": 0, "num_statements": 6, "percent_covered": 0.0, "percent_covered_display": "0", "missing_lines": 6, "excluded_lines": 0, "percent_statements_covered": 0.0, "percent_statements_covered_display": "0"}, "missing_lines": [141, 142, 144, 145, 146, 147], "excluded_lines": []}, "TestReviewActionIntegration.test_action_yaml_syntax": {"executed_lines": [], "summary": {"covered_lines": 0, "num_statements": 10, "percent_covered": 0.0, "percent_covered_display": "0", "missing_lines": 10, "excluded_lines": 0, "percent_statements_covered": 0.0, "percent_statements_covered_display": "0"}, "missing_lines": [155, 158, 159, 160, 161, 162, 163, 164, 165, 166], "excluded_lines": []}, "TestReviewActionIntegration.test_review_prompt_template_content": {"executed_lines": [], "summary": {"covered_lines": 0, "num_statements": 4, "percent_covered": 0.0, "percent_covered_display": "0", "missing_lines": 4, "excluded_lines": 0, "percent_statements_covered": 0.0, "percent_statements_covered_display": "0"}, "missing_lines": [170, 171, 174, 175], "excluded_lines": []}, "TestReviewActionIntegration.test_fix_prompt_template_content": {"executed_lines": [], "summary": {"covered_lines": 0, "num_statements": 4, "percent_covered": 0.0, "percent_covered_display": "0", "missing_lines": 4, "excluded_lines": 0, "percent_statements_covered": 0.0, "percent_statements_covered_display": "0"}, "missing_lines": [179, 180, 183, 184], "excluded_lines": []}, "TestReviewActionIntegration.test_comment_template_content": {"executed_lines": [], "summary": {"covered_lines": 0, "num_statements": 3, "percent_covered": 0.0, "percent_covered_display": "0", "missing_lines": 3, "excluded_lines": 0, "percent_statements_covered": 0.0, "percent_statements_covered_display": "0"}, "missing_lines": [188, 189, 192], "excluded_lines": []}, "TestReviewActionIntegration.test_action_directory_structure": {"executed_lines": [], "summary": {"covered_lines": 0, "num_statements": 6, "percent_covered": 0.0, "percent_covered_display": "0", "missing_lines": 6, "excluded_lines": 0, "percent_statements_covered": 0.0, "percent_statements_covered_display": "0"}, "missing_lines": [196, 199, 200, 203, 204, 205], "excluded_lines": []}, "TestReviewActionIntegration.test_all_templates_readable": {"executed_lines": [], "summary": {"covered_lines": 0, "num_statements": 4, "percent_covered": 0.0, "percent_covered_display": "0", "missing_lines": 4, "excluded_lines": 0, "percent_statements_covered": 0.0, "percent_statements_covered_display": "0"}, "missing_lines": [209, 211, 212, 213], "excluded_lines": []}, "TestReviewActionIntegration.test_all_scripts_executable": {"executed_lines": [], "summary": {"covered_lines": 0, "num_statements": 3, "percent_covered": 0.0, "percent_covered_display": "0", "missing_lines": 3, "excluded_lines": 0, "percent_statements_covered": 0.0, "percent_statements_covered_display": "0"}, "missing_lines": [217, 219, 220], "excluded_lines": []}, "": {"executed_lines": [1, 3, 4, 5, 6, 7, 8, 11, 12, 14, 24, 35, 51, 61, 67, 72, 77, 82, 87, 97, 107, 120, 130, 139, 150, 151, 153, 168, 177, 186, 194, 207, 215], "summary": {"covered_lines": 30, "num_statements": 30, "percent_covered": 100.0, "percent_covered_display": "100", "missing_lines": 0, "excluded_lines": 0, "percent_statements_covered": 100.0, "percent_statements_covered_display": "100"}, "missing_lines": [], "excluded_lines": []}}, "classes": {"TestReviewAction": {"executed_lines": [], "summary": {"covered_lines": 0, "num_statements": 68, "percent_covered": 0.0, "percent_covered_display": "0", "missing_lines": 68, "excluded_lines": 0, "percent_statements_covered": 0.0, "percent_statements_covered_display": "0"}, "missing_lines": [16, 17, 18, 19, 20, 21, 22, 26, 27, 30, 31, 32, 33, 37, 38, 41, 47, 48, 49, 53, 54, 57, 58, 59, 63, 64, 65, 69, 70, 74, 75, 79, 80, 84, 85, 89, 90, 93, 94, 95, 99, 100, 103, 104, 105, 109, 110, 113, 114, 115, 118, 122, 123, 125, 126, 127, 128, 132, 133, 135, 136, 137, 141, 142, 144, 145, 146, 147], "excluded_lines": []}, "TestReviewActionIntegration": {"executed_lines": [], "summary": {"covered_lines": 0, "num_statements": 34, "percent_covered": 0.0, "percent_covered_display": "0", "missing_lines": 34, "excluded_lines": 0, "percent_statements_covered": 0.0, "percent_statements_covered_display": "0"}, "missing_lines": [155, 158, 159, 160, 161, 162, 163, 164, 165, 166, 170, 171, 174, 175, 179, 180, 183, 184, 188, 189, 192, 196, 199, 200, 203, 204, 205, 209, 211, 212, 213, 217, 219, 220], "excluded_lines": []}, "": {"executed_lines": [1, 3, 4, 5, 6, 7, 8, 11, 12, 14, 24, 35, 51, 61, 67, 72, 77, 82, 87, 97, 107, 120, 130, 139, 150, 151, 153, 168, 177, 186, 194, 207, 215], "summary": {"covered_lines": 30, "num_statements": 30, "percent_covered": 100.0, "percent_covered_display": "100", "missing_lines": 0, "excluded_lines": 0, "percent_statements_covered": 100.0, "percent_statements_covered_display": "100"}, "missing_lines": [], "excluded_lines": []}}}, "tests/test_spec_to_code/__init__.py": {"executed_lines": [1], "summary": {"covered_lines": 0, "num_statements": 0, "percent_covered": 100.0, "percent_covered_display": "100", "missing_lines": 0, "excluded_lines": 0, "percent_statements_covered": 100.0, "percent_statements_covered_display": "100"}, "missing_lines": [], "excluded_lines": [], "functions": {"": {"executed_lines": [1], "summary": {"covered_lines": 0, "num_statements": 0, "percent_covered": 100.0, "percent_covered_display": "100", "missing_lines": 0, "excluded_lines": 0, "percent_statements_covered": 100.0, "percent_statements_covered_display": "100"}, "missing_lines": [], "excluded_lines": []}}, "classes": {"": {"executed_lines": [1], "summary": {"covered_lines": 0, "num_statements": 0, "percent_covered": 100.0, "percent_covered_display": "100", "missing_lines": 0, "excluded_lines": 0, "percent_statements_covered": 100.0, "percent_statements_covered_display": "100"}, "missing_lines": [], "excluded_lines": []}}}, "tests/test_spec_to_code/test_spec_to_code_action.py": {"executed_lines": [1, 3, 4, 7, 8, 10, 19, 29, 47, 57, 66, 75, 84, 92, 101, 110, 120, 129, 134, 150, 151, 153, 168, 179, 185, 195, 207, 216, 225, 234], "summary": {"covered_lines": 27, "num_statements": 138, "percent_covered": 19.565217391304348, "percent_covered_display": "20", "missing_lines": 111, "excluded_lines": 0, "percent_statements_covered": 19.565217391304348, "percent_statements_covered_display": "20"}, "missing_lines": [12, 13, 14, 15, 16, 17, 21, 22, 25, 26, 27, 31, 32, 35, 41, 42, 44, 49, 50, 53, 54, 55, 59, 60, 63, 64, 68, 69, 72, 73, 77, 78, 81, 82, 86, 87, 90, 94, 95, 98, 99, 103, 104, 107, 108, 112, 113, 116, 117, 118, 122, 123, 126, 127, 131, 132, 136, 137, 140, 141, 142, 145, 146, 155, 158, 159, 160, 161, 162, 163, 164, 165, 166, 170, 173, 176, 177, 181, 182, 183, 188, 189, 192, 193, 197, 198, 201, 202, 205, 209, 210, 213, 214, 218, 219, 222, 223, 227, 228, 231, 232, 236, 237, 240, 243, 244, 245, 247, 248, 249, 250], "excluded_lines": [], "functions": {"TestSpecToCodeAction.test_action_yaml_exists": {"executed_lines": [], "summary": {"covered_lines": 0, "num_statements": 6, "percent_covered": 0.0, "percent_covered_display": "0", "missing_lines": 6, "excluded_lines": 0, "percent_statements_covered": 0.0, "percent_statements_covered_display": "0"}, "missing_lines": [12, 13, 14, 15, 16, 17], "excluded_lines": []}, "TestSpecToCodeAction.test_action_required_inputs": {"executed_lines": [], "summary": {"covered_lines": 0, "num_statements": 5, "percent_covered": 0.0, "percent_covered_display": "0", "missing_lines": 5, "excluded_lines": 0, "percent_statements_covered": 0.0, "percent_statements_covered_display": "0"}, "missing_lines": [21, 22, 25, 26, 27], "excluded_lines": []}, "TestSpecToCodeAction.test_action_optional_inputs_with_defaults": {"executed_lines": [], "summary": {"covered_lines": 0, "num_statements": 6, "percent_covered": 0.0, "percent_covered_display": "0", "missing_lines": 6, "excluded_lines": 0, "percent_statements_covered": 0.0, "percent_statements_covered_display": "0"}, "missing_lines": [31, 32, 35, 41, 42, 44], "excluded_lines": []}, "TestSpecToCodeAction.test_action_has_path_validation": {"executed_lines": [], "summary": {"covered_lines": 0, "num_statements": 5, "percent_covered": 0.0, "percent_covered_display": "0", "missing_lines": 5, "excluded_lines": 0, "percent_statements_covered": 0.0, "percent_statements_covered_display": "0"}, "missing_lines": [49, 50, 53, 54, 55], "excluded_lines": []}, "TestSpecToCodeAction.test_action_has_security_checks": {"executed_lines": [], "summary": {"covered_lines": 0, "num_statements": 4, "percent_covered": 0.0, "percent_covered_display": "0", "missing_lines": 4, "excluded_lines": 0, "percent_statements_covered": 0.0, "percent_statements_covered_display": "0"}, "missing_lines": [59, 60, 63, 64], "excluded_lines": []}, "TestSpecToCodeAction.test_action_validates_spec_file": {"executed_lines": [], "summary": {"covered_lines": 0, "num_statements": 4, "percent_covered": 0.0, "percent_covered_display": "0", "missing_lines": 4, "excluded_lines": 0, "percent_statements_covered": 0.0, "percent_statements_covered_display": "0"}, "missing_lines": [68, 69, 72, 73], "excluded_lines": []}, "TestSpecToCodeAction.test_action_uses_base64_encoding": {"executed_lines": [], "summary": {"covered_lines": 0, "num_statements": 4, "percent_covered": 0.0, "percent_covered_display": "0", "missing_lines": 4, "excluded_lines": 0, "percent_statements_covered": 0.0, "percent_statements_covered_display": "0"}, "missing_lines": [77, 78, 81, 82], "excluded_lines": []}, "TestSpecToCodeAction.test_action_uses_envsubst": {"executed_lines": [], "summary": {"covered_lines": 0, "num_statements": 3, "percent_covered": 0.0, "percent_covered_display": "0", "missing_lines": 3, "excluded_lines": 0, "percent_statements_covered": 0.0, "percent_statements_covered_display": "0"}, "missing_lines": [86, 87, 90], "excluded_lines": []}, "TestSpecToCodeAction.test_action_supports_custom_template": {"executed_lines": [], "summary": {"covered_lines": 0, "num_statements": 4, "percent_covered": 0.0, "percent_covered_display": "0", "missing_lines": 4, "excluded_lines": 0, "percent_statements_covered": 0.0, "percent_statements_covered_display": "0"}, "missing_lines": [94, 95, 98, 99], "excluded_lines": []}, "TestSpecToCodeAction.test_action_invokes_claude_cli": {"executed_lines": [], "summary": {"covered_lines": 0, "num_statements": 4, "percent_covered": 0.0, "percent_covered_display": "0", "missing_lines": 4, "excluded_lines": 0, "percent_statements_covered": 0.0, "percent_statements_covered_display": "0"}, "missing_lines": [103, 104, 107, 108], "excluded_lines": []}, "TestSpecToCodeAction.test_action_sets_environment_variables": {"executed_lines": [], "summary": {"covered_lines": 0, "num_statements": 5, "percent_covered": 0.0, "percent_covered_display": "0", "missing_lines": 5, "excluded_lines": 0, "percent_statements_covered": 0.0, "percent_statements_covered_display": "0"}, "missing_lines": [112, 113, 116, 117, 118], "excluded_lines": []}, "TestSpecToCodeAction.test_action_has_error_handling": {"executed_lines": [], "summary": {"covered_lines": 0, "num_statements": 4, "percent_covered": 0.0, "percent_covered_display": "0", "missing_lines": 4, "excluded_lines": 0, "percent_statements_covered": 0.0, "percent_statements_covered_display": "0"}, "missing_lines": [122, 123, 126, 127], "excluded_lines": []}, "TestSpecToCodeAction.test_generation_prompt_template_exists": {"executed_lines": [], "summary": {"covered_lines": 0, "num_statements": 2, "percent_covered": 0.0, "percent_covered_display": "0", "missing_lines": 2, "excluded_lines": 0, "percent_statements_covered": 0.0, "percent_statements_covered_display": "0"}, "missing_lines": [131, 132], "excluded_lines": []}, "TestSpecToCodeAction.test_generation_prompt_template_content": {"executed_lines": [], "summary": {"covered_lines": 0, "num_statements": 7, "percent_covered": 0.0, "percent_covered_display": "0", "missing_lines": 7, "excluded_lines": 0, "percent_statements_covered": 0.0, "percent_statements_covered_display": "0"}, "missing_lines": [136, 137, 140, 141, 142, 145, 146], "excluded_lines": []}, "TestSpecToCodeIntegration.test_action_yaml_syntax": {"executed_lines": [], "summary": {"covered_lines": 0, "num_statements": 10, "percent_covered": 0.0, "percent_covered_display": "0", "missing_lines": 10, "excluded_lines": 0, "percent_statements_covered": 0.0, "percent_statements_covered_display": "0"}, "missing_lines": [155, 158, 159, 160, 161, 162, 163, 164, 165, 166], "excluded_lines": []}, "TestSpecToCodeIntegration.test_action_directory_structure": {"executed_lines": [], "summary": {"covered_lines": 0, "num_statements": 4, "percent_covered": 0.0, "percent_covered_display": "0", "missing_lines": 4, "excluded_lines": 0, "percent_statements_covered": 0.0, "percent_statements_covered_display": "0"}, "missing_lines": [170, 173, 176, 177], "excluded_lines": []}, "TestSpecToCodeIntegration.test_template_readable": {"executed_lines": [], "summary": {"covered_lines": 0, "num_statements": 3, "percent_covered": 0.0, "percent_covered_display": "0", "missing_lines": 3, "excluded_lines": 0, "percent_statements_covered": 0.0, "percent_statements_covered_display": "0"}, "missing_lines": [181, 182, 183], "excluded_lines": []}, "TestSpecToCodeIntegration.test_spec_validation_workflow": {"executed_lines": [], "summary": {"covered_lines": 0, "num_statements": 4, "percent_covered": 0.0, "percent_covered_display": "0", "missing_lines": 4, "excluded_lines": 0, "percent_statements_covered": 0.0, "percent_statements_covered_display": "0"}, "missing_lines": [188, 189, 192, 193], "excluded_lines": []}, "TestSpecToCodeIntegration.test_supported_languages_documented": {"executed_lines": [], "summary": {"covered_lines": 0, "num_statements": 5, "percent_covered": 0.0, "percent_covered_display": "0", "missing_lines": 5, "excluded_lines": 0, "percent_statements_covered": 0.0, "percent_statements_covered_display": "0"}, "missing_lines": [197, 198, 201, 202, 205], "excluded_lines": []}, "TestSpecToCodeIntegration.test_action_handles_special_characters": {"executed_lines": [], "summary": {"covered_lines": 0, "num_statements": 4, "percent_covered": 0.0, "percent_covered_display": "0", "missing_lines": 4, "excluded_lines": 0, "percent_statements_covered": 0.0, "percent_statements_covered_display": "0"}, "missing_lines": [209, 210, 213, 214], "excluded_lines": []}, "TestSpecToCodeIntegration.test_output_directory_handling": {"executed_lines": [], "summary": {"covered_lines": 0, "num_statements": 4, "percent_covered": 0.0, "percent_covered_display": "0", "missing_lines": 4, "excluded_lines": 0, "percent_statements_covered": 0.0, "percent_statements_covered_display": "0"}, "missing_lines": [218, 219, 222, 223], "excluded_lines": []}, "TestSpecToCodeIntegration.test_claude_model_parameter": {"executed_lines": [], "summary": {"covered_lines": 0, "num_statements": 4, "percent_covered": 0.0, "percent_covered_display": "0", "missing_lines": 4, "excluded_lines": 0, "percent_statements_covered": 0.0, "percent_statements_covered_display": "0"}, "missing_lines": [227, 228, 231, 232], "excluded_lines": []}, "TestSpecToCodeIntegration.test_workflow_step_sequence": {"executed_lines": [], "summary": {"covered_lines": 0, "num_statements": 10, "percent_covered": 0.0, "percent_covered_display": "0", "missing_lines": 10, "excluded_lines": 0, "percent_statements_covered": 0.0, "percent_statements_covered_display": "0"}, "missing_lines": [236, 237, 240, 243, 244, 245, 247, 248, 249, 250], "excluded_lines": []}, "": {"executed_lines": [1, 3, 4, 7, 8, 10, 19, 29, 47, 57, 66, 75, 84, 92, 101, 110, 120, 129, 134, 150, 151, 153, 168, 179, 185, 195, 207, 216, 225, 234], "summary": {"covered_lines": 27, "num_statements": 27, "percent_covered": 100.0, "percent_covered_display": "100", "missing_lines": 0, "excluded_lines": 0, "percent_statements_covered": 100.0, "percent_statements_covered_display": "100"}, "missing_lines": [], "excluded_lines": []}}, "classes": {"TestSpecToCodeAction": {"executed_lines": [], "summary": {"covered_lines": 0, "num_statements": 63, "percent_covered": 0.0, "percent_covered_display": "0", "missing_lines": 63, "excluded_lines": 0, "percent_statements_covered": 0.0, "percent_statements_covered_display": "0"}, "missing_lines": [12, 13, 14, 15, 16, 17, 21, 22, 25, 26, 27, 31, 32, 35, 41, 42, 44, 49, 50, 53, 54, 55, 59, 60, 63, 64, 68, 69, 72, 73, 77, 78, 81, 82, 86, 87, 90, 94, 95, 98, 99, 103, 104, 107, 108, 112, 113, 116, 117, 118, 122, 123, 126, 127, 131, 132, 136, 137, 140, 141, 142, 145, 146], "excluded_lines": []}, "TestSpecToCodeIntegration": {"executed_lines": [], "summary": {"covered_lines": 0, "num_statements": 48, "percent_covered": 0.0, "percent_covered_display": "0", "missing_lines": 48, "excluded_lines": 0, "percent_statements_covered": 0.0, "percent_statements_covered_display": "0"}, "missing_lines": [155, 158, 159, 160, 161, 162, 163, 164, 165, 166, 170, 173, 176, 177, 181, 182, 183, 188, 189, 192, 193, 197, 198, 201, 202, 205, 209, 210, 213, 214, 218, 219, 222, 223, 227, 228, 231, 232, 236, 237, 240, 243, 244, 245, 247, 248, 249, 250], "excluded_lines": []}, "": {"executed_lines": [1, 3, 4, 7, 8, 10, 19, 29, 47, 57, 66, 75, 84, 92, 101, 110, 120, 129, 134, 150, 151, 153, 168, 179, 185, 195, 207, 216, 225, 234], "summary": {"covered_lines": 27, "num_statements": 27, "percent_covered": 100.0, "percent_covered_display": "100", "missing_lines": 0, "excluded_lines": 0, "percent_statements_covered": 100.0, "percent_statements_covered_display": "100"}, "missing_lines": [], "excluded_lines": []}}}}, "totals": {"covered_lines": 73, "num_statements": 302, "percent_covered": 24.172185430463575, "percent_covered_display": "24", "missing_lines": 229, "excluded_lines": 0, "percent_statements_covered": 24.172185430463575, "percent_statements_covered_display": "24"}}