{"meta": {"format": 3, "version": "7.13.0", "timestamp": "2026-02-04T02:37:39.004226", "branch_coverage": false, "show_contexts": false}, "files": {"actions/lib/__init__.py": {"executed_lines": [1, 7, 9], "summary": {"covered_lines": 2, "num_statements": 2, "percent_covered": 100.0, "percent_covered_display": "100", "missing_lines": 0, "excluded_lines": 0, "percent_statements_covered": 100.0, "percent_statements_covered_display": "100"}, "missing_lines": [], "excluded_lines": [], "functions": {"": {"executed_lines": [1, 7, 9], "summary": {"covered_lines": 2, "num_statements": 2, "percent_covered": 100.0, "percent_covered_display": "100", "missing_lines": 0, "excluded_lines": 0, "percent_statements_covered": 100.0, "percent_statements_covered_display": "100"}, "missing_lines": [], "excluded_lines": []}}, "classes": {"": {"executed_lines": [1, 7, 9], "summary": {"covered_lines": 2, "num_statements": 2, "percent_covered": 100.0, "percent_covered_display": "100", "missing_lines": 0, "excluded_lines": 0, "percent_statements_covered": 100.0, "percent_statements_covered_display": "100"}, "missing_lines": [], "excluded_lines": []}}}, "actions/lib/acceptance_tracker.py": {"executed_lines": [1, 20, 21, 22, 23, 26, 29, 30, 38, 45, 46, 53, 63, 64, 65, 69, 70, 72, 80, 81, 82, 83, 85, 93, 94, 96, 98, 106, 107, 109, 111, 118, 120, 127, 139, 146, 149, 150, 151, 152, 153, 154, 160, 163, 164, 166, 168, 169, 171, 172, 183, 185, 186, 187, 188, 189, 191, 192, 193, 194, 195, 199, 202, 215, 217, 218, 219, 221, 222, 223, 231, 232, 233, 234, 235, 238, 239, 240, 241, 244, 247, 255], "summary": {"covered_lines": 80, "num_statements": 90, "percent_covered": 88.88888888888889, "percent_covered_display": "89", "missing_lines": 10, "excluded_lines": 0, "percent_statements_covered": 88.88888888888889, "percent_statements_covered_display": "89"}, "missing_lines": [95, 108, 155, 156, 157, 196, 197, 251, 252, 253], "excluded_lines": [], "functions": {"AcceptanceTracker.__init__": {"executed_lines": [45, 46], "summary": {"covered_lines": 2, "num_statements": 2, "percent_covered": 100.0, "percent_covered_display": "100", "missing_lines": 0, "excluded_lines": 0, "percent_statements_covered": 100.0, "percent_statements_covered_display": "100"}, "missing_lines": [], "excluded_lines": []}, "AcceptanceTracker.record_suggestion": {"executed_lines": [63, 64, 65, 69, 70], "summary": {"covered_lines": 5, "num_statements": 5, "percent_covered": 100.0, "percent_covered_display": "100", "missing_lines": 0, "excluded_lines": 0, "percent_statements_covered": 100.0, "percent_statements_covered_display": "100"}, "missing_lines": [], "excluded_lines": []}, "AcceptanceTracker.get_acceptance_rate": {"executed_lines": [80, 81, 82, 83], "summary": {"covered_lines": 4, "num_statements": 4, "percent_covered": 100.0, "percent_covered_display": "100", "missing_lines": 0, "excluded_lines": 0, "percent_statements_covered": 100.0, "percent_statements_covered_display": "100"}, "missing_lines": [], "excluded_lines": []}, "AcceptanceTracker.get_rejection_rate": {"executed_lines": [93, 94, 96], "summary": {"covered_lines": 3, "num_statements": 4, "percent_covered": 75.0, "percent_covered_display": "75", "missing_lines": 1, "excluded_lines": 0, "percent_statements_covered": 75.0, "percent_statements_covered_display": "75"}, "missing_lines": [95], "excluded_lines": []}, "AcceptanceTracker.get_modification_rate": {"executed_lines": [106, 107, 109], "summary": {"covered_lines": 3, "num_statements": 4, "percent_covered": 75.0, "percent_covered_display": "75", "missing_lines": 1, "excluded_lines": 0, "percent_statements_covered": 75.0, "percent_statements_covered_display": "75"}, "missing_lines": [108], "excluded_lines": []}, "AcceptanceTracker.get_metrics": {"executed_lines": [118], "summary": {"covered_lines": 1, "num_statements": 1, "percent_covered": 100.0, "percent_covered_display": "100", "missing_lines": 0, "excluded_lines": 0, "percent_statements_covered": 100.0, "percent_statements_covered_display": "100"}, "missing_lines": [], "excluded_lines": []}, "AcceptanceTracker.export_metrics": {"executed_lines": [127], "summary": {"covered_lines": 1, "num_statements": 1, "percent_covered": 100.0, "percent_covered_display": "100", "missing_lines": 0, "excluded_lines": 0, "percent_statements_covered": 100.0, "percent_statements_covered_display": "100"}, "missing_lines": [], "excluded_lines": []}, "AcceptanceTracker.save_to_file": {"executed_lines": [146, 149, 150, 151, 152, 153, 154, 160, 163, 164], "summary": {"covered_lines": 10, "num_statements": 13, "percent_covered": 76.92307692307692, "percent_covered_display": "77", "missing_lines": 3, "excluded_lines": 0, "percent_statements_covered": 76.92307692307692, "percent_statements_covered_display": "77"}, "missing_lines": [155, 156, 157], "excluded_lines": []}, "AcceptanceTracker.reset_metrics": {"executed_lines": [168, 169], "summary": {"covered_lines": 2, "num_statements": 2, "percent_covered": 100.0, "percent_covered_display": "100", "missing_lines": 0, "excluded_lines": 0, "percent_statements_covered": 100.0, "percent_statements_covered_display": "100"}, "missing_lines": [], "excluded_lines": []}, "AcceptanceTracker.from_file": {"executed_lines": [183, 185, 186, 187, 188, 189, 191, 192, 193, 194, 195, 199], "summary": {"covered_lines": 12, "num_statements": 14, "percent_covered": 85.71428571428571, "percent_covered_display": "86", "missing_lines": 2, "excluded_lines": 0, "percent_statements_covered": 85.71428571428571, "percent_statements_covered_display": "86"}, "missing_lines": [196, 197], "excluded_lines": []}, "aggregate_metrics_by_action": {"executed_lines": [215, 217, 218, 219, 221, 222, 223, 231, 232, 233, 234, 235, 238, 239, 240, 241, 244, 247, 255], "summary": {"covered_lines": 19, "num_statements": 22, "percent_covered": 86.36363636363636, "percent_covered_display": "86", "missing_lines": 3, "excluded_lines": 0, "percent_statements_covered": 86.36363636363636, "percent_statements_covered_display": "86"}, "missing_lines": [251, 252, 253], "excluded_lines": []}, "": {"executed_lines": [1, 20, 21, 22, 23, 26, 29, 30, 38, 53, 72, 85, 98, 111, 120, 139, 166, 171, 172, 202], "summary": {"covered_lines": 18, "num_statements": 18, "percent_covered": 100.0, "percent_covered_display": "100", "missing_lines": 0, "excluded_lines": 0, "percent_statements_covered": 100.0, "percent_statements_covered_display": "100"}, "missing_lines": [], "excluded_lines": []}}, "classes": {"AcceptanceTracker": {"executed_lines": [45, 46, 63, 64, 65, 69, 70, 80, 81, 82, 83, 93, 94, 96, 106, 107, 109, 118, 127, 146, 149, 150, 151, 152, 153, 154, 160, 163, 164, 168, 169, 183, 185, 186, 187, 188, 189, 191, 192, 193, 194, 195, 199], "summary": {"covered_lines": 43, "num_statements": 50, "percent_covered": 86.0, "percent_covered_display": "86", "missing_lines": 7, "excluded_lines": 0, "percent_statements_covered": 86.0, "percent_statements_covered_display": "86"}, "missing_lines": [95, 108, 155, 156, 157, 196, 197], "excluded_lines": []}, "": {"executed_lines": [1, 20, 21, 22, 23, 26, 29, 30, 38, 53, 72, 85, 98, 111, 120, 139, 166, 171, 172, 202, 215, 217, 218, 219, 221, 222, 223, 231, 232, 233, 234, 235, 238, 239, 240, 241, 244, 247, 255], "summary": {"covered_lines": 37, "num_statements": 40, "percent_covered": 92.5, "percent_covered_display": "92", "missing_lines": 3, "excluded_lines": 0, "percent_statements_covered": 92.5, "percent_statements_covered_display": "92"}, "missing_lines": [251, 252, 253], "excluded_lines": []}}}, "scripts/calculate_acceptance_rate.py": {"executed_lines": [2, 9, 10, 11, 12, 13, 14, 17, 27, 28, 35, 38, 39, 40, 41, 45, 50, 53, 54, 55, 56, 58, 59, 60, 61, 64, 65, 66, 67, 68, 69, 73, 75, 86, 88, 89, 91, 92, 94, 100, 102, 103, 105, 106, 107, 108, 109, 110, 112, 115, 117, 118, 119, 120, 121, 122, 125, 130, 134, 136, 137, 138, 150, 151, 152, 153, 155, 157, 158, 160, 161, 162, 164, 166, 169, 171, 172, 174, 175, 176, 177, 178, 179, 180, 182, 183, 184, 185, 187, 188, 189, 190, 192, 193, 195, 196, 198, 199, 200, 201, 202, 204, 206, 207, 208, 209, 210, 211, 212, 214, 215, 216, 217, 219, 222, 224, 226, 229, 234, 239, 245, 252, 255, 260, 263, 266, 269, 270, 273, 275, 278, 279, 280, 281, 282, 283, 284, 285, 287, 290], "summary": {"covered_lines": 139, "num_statements": 154, "percent_covered": 90.25974025974025, "percent_covered_display": "90", "missing_lines": 15, "excluded_lines": 0, "percent_statements_covered": 90.25974025974025, "percent_statements_covered_display": "90"}, "missing_lines": [70, 71, 131, 139, 140, 141, 142, 143, 144, 147, 256, 257, 274, 276, 291], "excluded_lines": [], "functions": {"calculate_acceptance_rate": {"executed_lines": [27, 28, 35, 38, 39, 40, 41, 45, 50, 53, 54, 55, 56, 58, 59, 60, 61, 64, 65, 66, 67, 68, 69, 73, 75], "summary": {"covered_lines": 25, "num_statements": 27, "percent_covered": 92.5925925925926, "percent_covered_display": "93", "missing_lines": 2, "excluded_lines": 0, "percent_statements_covered": 92.5925925925926, "percent_statements_covered_display": "93"}, "missing_lines": [70, 71], "excluded_lines": []}, "get_common_items": {"executed_lines": [88, 89, 91, 92, 94], "summary": {"covered_lines": 5, "num_statements": 5, "percent_covered": 100.0, "percent_covered_display": "100", "missing_lines": 0, "excluded_lines": 0, "percent_statements_covered": 100.0, "percent_statements_covered_display": "100"}, "missing_lines": [], "excluded_lines": []}, "get_interpretation": {"executed_lines": [102, 103, 105, 106, 107, 108, 109, 110, 112], "summary": {"covered_lines": 9, "num_statements": 9, "percent_covered": 100.0, "percent_covered_display": "100", "missing_lines": 0, "excluded_lines": 0, "percent_statements_covered": 100.0, "percent_statements_covered_display": "100"}, "missing_lines": [], "excluded_lines": []}, "load_metrics_from_file": {"executed_lines": [117, 118, 119, 120, 121, 122], "summary": {"covered_lines": 6, "num_statements": 6, "percent_covered": 100.0, "percent_covered_display": "100", "missing_lines": 0, "excluded_lines": 0, "percent_statements_covered": 100.0, "percent_statements_covered_display": "100"}, "missing_lines": [], "excluded_lines": []}, "filter_metrics_by_time": {"executed_lines": [130, 134, 136, 137, 138, 150, 151, 152, 153, 155, 157, 158, 160, 161, 162, 164, 166], "summary": {"covered_lines": 17, "num_statements": 25, "percent_covered": 68.0, "percent_covered_display": "68", "missing_lines": 8, "excluded_lines": 0, "percent_statements_covered": 68.0, "percent_statements_covered_display": "68"}, "missing_lines": [131, 139, 140, 141, 142, 143, 144, 147], "excluded_lines": []}, "generate_quality_report": {"executed_lines": [171, 172, 174, 175, 176, 177, 178, 179, 180, 182, 183, 184, 185, 187, 188, 189, 190, 192, 193, 195, 196, 198, 199, 200, 201, 202, 204, 206, 207, 208, 209, 210, 211, 212, 214, 215, 216, 217, 219], "summary": {"covered_lines": 39, "num_statements": 39, "percent_covered": 100.0, "percent_covered_display": "100", "missing_lines": 0, "excluded_lines": 0, "percent_statements_covered": 100.0, "percent_statements_covered_display": "100"}, "missing_lines": [], "excluded_lines": []}, "main": {"executed_lines": [224, 226, 229, 234, 239, 245, 252, 255, 260, 263, 266, 269, 270, 273, 275, 278, 279, 280, 281, 282, 283, 284, 285, 287], "summary": {"covered_lines": 24, "num_statements": 28, "percent_covered": 85.71428571428571, "percent_covered_display": "86", "missing_lines": 4, "excluded_lines": 0, "percent_statements_covered": 85.71428571428571, "percent_statements_covered_display": "86"}, "missing_lines": [256, 257, 274, 276], "excluded_lines": []}, "": {"executed_lines": [2, 9, 10, 11, 12, 13, 14, 17, 86, 100, 115, 125, 169, 222, 290], "summary": {"covered_lines": 14, "num_statements": 15, "percent_covered": 93.33333333333333, "percent_covered_display": "93", "missing_lines": 1, "excluded_lines": 0, "percent_statements_covered": 93.33333333333333, "percent_statements_covered_display": "93"}, "missing_lines": [291], "excluded_lines": []}}, "classes": {"": {"executed_lines": [2, 9, 10, 11, 12, 13, 14, 17, 27, 28, 35, 38, 39, 40, 41, 45, 50, 53, 54, 55, 56, 58, 59, 60, 61, 64, 65, 66, 67, 68, 69, 73, 75, 86, 88, 89, 91, 92, 94, 100, 102, 103, 105, 106, 107, 108, 109, 110, 112, 115, 117, 118, 119, 120, 121, 122, 125, 130, 134, 136, 137, 138, 150, 151, 152, 153, 155, 157, 158, 160, 161, 162, 164, 166, 169, 171, 172, 174, 175, 176, 177, 178, 179, 180, 182, 183, 184, 185, 187, 188, 189, 190, 192, 193, 195, 196, 198, 199, 200, 201, 202, 204, 206, 207, 208, 209, 210, 211, 212, 214, 215, 216, 217, 219, 222, 224, 226, 229, 234, 239, 245, 252, 255, 260, 263, 266, 269, 270, 273, 275, 278, 279, 280, 281, 282, 283, 284, 285, 287, 290], "summary": {"covered_lines": 139, "num_statements": 154, "percent_covered": 90.25974025974025, "percent_covered_display": "90", "missing_lines": 15, "excluded_lines": 0, "percent_statements_covered": 90.25974025974025, "percent_statements_covered_display": "90"}, "missing_lines": [70, 71, 131, 139, 140, 141, 142, 143, 144, 147, 256, 257, 274, 276, 291], "excluded_lines": []}}}, "scripts/collect_metrics.py": {"executed_lines": [2, 22, 23, 24, 25, 26, 27, 30, 32, 35, 45, 46, 48, 49, 52, 71, 72, 75, 76, 79, 82, 84, 94, 95, 97, 100, 117, 118, 120, 122, 123, 126, 127, 128, 130, 132, 134, 135, 138, 140, 141, 145, 147, 148, 150, 151, 152, 153, 154, 156, 159, 160, 165, 167, 168, 171, 174], "summary": {"covered_lines": 56, "num_statements": 59, "percent_covered": 94.91525423728814, "percent_covered_display": "95", "missing_lines": 3, "excluded_lines": 0, "percent_statements_covered": 94.91525423728814, "percent_statements_covered_display": "95"}, "missing_lines": [161, 162, 175], "excluded_lines": [], "functions": {"is_telemetry_disabled": {"executed_lines": [32], "summary": {"covered_lines": 1, "num_statements": 1, "percent_covered": 100.0, "percent_covered_display": "100", "missing_lines": 0, "excluded_lines": 0, "percent_statements_covered": 100.0, "percent_statements_covered_display": "100"}, "missing_lines": [], "excluded_lines": []}, "anonymize_repository": {"executed_lines": [45, 46, 48, 49], "summary": {"covered_lines": 4, "num_statements": 4, "percent_covered": 100.0, "percent_covered_display": "100", "missing_lines": 0, "excluded_lines": 0, "percent_statements_covered": 100.0, "percent_statements_covered_display": "100"}, "missing_lines": [], "excluded_lines": []}, "collect_metrics": {"executed_lines": [71, 72, 75, 76, 79, 82, 84, 94, 95, 97], "summary": {"covered_lines": 10, "num_statements": 10, "percent_covered": 100.0, "percent_covered_display": "100", "missing_lines": 0, "excluded_lines": 0, "percent_statements_covered": 100.0, "percent_statements_covered_display": "100"}, "missing_lines": [], "excluded_lines": []}, "send_metrics": {"executed_lines": [117, 118, 120, 122, 123, 126, 127, 128, 130, 132, 134, 135], "summary": {"covered_lines": 12, "num_statements": 12, "percent_covered": 100.0, "percent_covered_display": "100", "missing_lines": 0, "excluded_lines": 0, "percent_statements_covered": 100.0, "percent_statements_covered_display": "100"}, "missing_lines": [], "excluded_lines": []}, "main": {"executed_lines": [140, 141, 145, 147, 148, 150, 151, 152, 153, 154, 156, 159, 160, 165, 167, 168, 171], "summary": {"covered_lines": 17, "num_statements": 19, "percent_covered": 89.47368421052632, "percent_covered_display": "89", "missing_lines": 2, "excluded_lines": 0, "percent_statements_covered": 89.47368421052632, "percent_statements_covered_display": "89"}, "missing_lines": [161, 162], "excluded_lines": []}, "": {"executed_lines": [2, 22, 23, 24, 25, 26, 27, 30, 35, 52, 100, 138, 174], "summary": {"covered_lines": 12, "num_statements": 13, "percent_covered": 92.3076923076923, "percent_covered_display": "92", "missing_lines": 1, "excluded_lines": 0, "percent_statements_covered": 92.3076923076923, "percent_statements_covered_display": "92"}, "missing_lines": [175], "excluded_lines": []}}, "classes": {"": {"executed_lines": [2, 22, 23, 24, 25, 26, 27, 30, 32, 35, 45, 46, 48, 49, 52, 71, 72, 75, 76, 79, 82, 84, 94, 95, 97, 100, 117, 118, 120, 122, 123, 126, 127, 128, 130, 132, 134, 135, 138, 140, 141, 145, 147, 148, 150, 151, 152, 153, 154, 156, 159, 160, 165, 167, 168, 171, 174], "summary": {"covered_lines": 56, "num_statements": 59, "percent_covered": 94.91525423728814, "percent_covered_display": "95", "missing_lines": 3, "excluded_lines": 0, "percent_statements_covered": 94.91525423728814, "percent_statements_covered_display": "95"}, "missing_lines": [161, 162, 175], "excluded_lines": []}}}, "tests/__init__.py": {"executed_lines": [1], "summary": {"covered_lines": 0, "num_statements": 0, "percent_covered": 100.0, "percent_covered_display": "100", "missing_lines": 0, "excluded_lines": 0, "percent_statements_covered": 100.0, "percent_statements_covered_display": "100"}, "missing_lines": [], "excluded_lines": [], "functions": {"": {"executed_lines": [1], "summary": {"covered_lines": 0, "num_statements": 0, "percent_covered": 100.0, "percent_covered_display": "100", "missing_lines": 0, "excluded_lines": 0, "percent_statements_covered": 100.0, "percent_statements_covered_display": "100"}, "missing_lines": [], "excluded_lines": []}}, "classes": {"": {"executed_lines": [1], "summary": {"covered_lines": 0, "num_statements": 0, "percent_covered": 100.0, "percent_covered_display": "100", "missing_lines": 0, "excluded_lines": 0, "percent_statements_covered": 100.0, "percent_statements_covered_display": "100"}, "missing_lines": [], "excluded_lines": []}}}, "tests/conftest.py": {"executed_lines": [1, 3, 4, 5, 6, 7, 10, 11, 13, 14, 15, 18, 19, 36, 37, 39, 63, 64, 98, 99, 101], "summary": {"covered_lines": 20, "num_statements": 31, "percent_covered": 64.51612903225806, "percent_covered_display": "65", "missing_lines": 11, "excluded_lines": 0, "percent_statements_covered": 64.51612903225806, "percent_statements_covered_display": "65"}, "missing_lines": [21, 66, 67, 70, 71, 77, 85, 86, 87, 94, 95], "excluded_lines": [], "functions": {"temp_dir": {"executed_lines": [13, 14, 15], "summary": {"covered_lines": 3, "num_statements": 3, "percent_covered": 100.0, "percent_covered_display": "100", "missing_lines": 0, "excluded_lines": 0, "percent_statements_covered": 100.0, "percent_statements_covered_display": "100"}, "missing_lines": [], "excluded_lines": []}, "sample_pr_diff": {"executed_lines": [], "summary": {"covered_lines": 0, "num_statements": 1, "percent_covered": 0.0, "percent_covered_display": "0", "missing_lines": 1, "excluded_lines": 0, "percent_statements_covered": 0.0, "percent_statements_covered_display": "0"}, "missing_lines": [21], "excluded_lines": []}, "sample_spec": {"executed_lines": [39], "summary": {"covered_lines": 1, "num_statements": 1, "percent_covered": 100.0, "percent_covered_display": "100", "missing_lines": 0, "excluded_lines": 0, "percent_statements_covered": 100.0, "percent_statements_covered_display": "100"}, "missing_lines": [], "excluded_lines": []}, "mock_repo": {"executed_lines": [], "summary": {"covered_lines": 0, "num_statements": 10, "percent_covered": 0.0, "percent_covered_display": "0", "missing_lines": 10, "excluded_lines": 0, "percent_statements_covered": 0.0, "percent_statements_covered_display": "0"}, "missing_lines": [66, 67, 70, 71, 77, 85, 86, 87, 94, 95], "excluded_lines": []}, "action_path": {"executed_lines": [101], "summary": {"covered_lines": 1, "num_statements": 1, "percent_covered": 100.0, "percent_covered_display": "100", "missing_lines": 0, "excluded_lines": 0, "percent_statements_covered": 100.0, "percent_statements_covered_display": "100"}, "missing_lines": [], "excluded_lines": []}, "": {"executed_lines": [1, 3, 4, 5, 6, 7, 10, 11, 18, 19, 36, 37, 63, 64, 98, 99], "summary": {"covered_lines": 15, "num_statements": 15, "percent_covered": 100.0, "percent_covered_display": "100", "missing_lines": 0, "excluded_lines": 0, "percent_statements_covered": 100.0, "percent_statements_covered_display": "100"}, "missing_lines": [], "excluded_lines": []}}, "classes": {"": {"executed_lines": [1, 3, 4, 5, 6, 7, 10, 11, 13, 14, 15, 18, 19, 36, 37, 39, 63, 64, 98, 99, 101], "summary": {"covered_lines": 20, "num_statements": 31, "percent_covered": 64.51612903225806, "percent_covered_display": "65", "missing_lines": 11, "excluded_lines": 0, "percent_statements_covered": 64.51612903225806, "percent_statements_covered_display": "65"}, "missing_lines": [21, 66, 67, 70, 71, 77, 85, 86, 87, 94, 95], "excluded_lines": []}}}, "tests/integration/__init__.py": {"executed_lines": [1], "summary": {"covered_lines": 0, "num_statements": 0, "percent_covered": 100.0, "percent_covered_display": "100", "missing_lines": 0, "excluded_lines": 0, "percent_statements_covered": 100.0, "percent_statements_covered_display": "100"}, "missing_lines": [], "excluded_lines": [], "functions": {"": {"executed_lines": [1], "summary": {"covered_lines": 0, "num_statements": 0, "percent_covered": 100.0, "percent_covered_display": "100", "missing_lines": 0, "excluded_lines": 0, "percent_statements_covered": 100.0, "percent_statements_covered_display": "100"}, "missing_lines": [], "excluded_lines": []}}, "classes": {"": {"executed_lines": [1], "summary": {"covered_lines": 0, "num_statements": 0, "percent_covered": 100.0, "percent_covered_display": "100", "missing_lines": 0, "excluded_lines": 0, "percent_statements_covered": 100.0, "percent_statements_covered_display": "100"}, "missing_lines": [], "excluded_lines": []}}}, "tests/integration/test_action_fixer_integration.py": {"executed_lines": [1, 6, 7, 8, 11, 12, 14, 16, 19, 22, 23, 24, 25, 28, 29, 31, 33, 36, 39, 40, 43, 44, 46, 48, 51, 53, 54], "summary": {"covered_lines": 26, "num_statements": 29, "percent_covered": 89.65517241379311, "percent_covered_display": "90", "missing_lines": 3, "excluded_lines": 0, "percent_statements_covered": 89.65517241379311, "percent_statements_covered_display": "90"}, "missing_lines": [17, 34, 49], "excluded_lines": [], "functions": {"test_action_fixer_action_structure": {"executed_lines": [14, 16, 19, 22, 23, 24, 25], "summary": {"covered_lines": 7, "num_statements": 8, "percent_covered": 87.5, "percent_covered_display": "88", "missing_lines": 1, "excluded_lines": 0, "percent_statements_covered": 87.5, "percent_statements_covered_display": "88"}, "missing_lines": [17], "excluded_lines": []}, "test_action_fixer_inputs": {"executed_lines": [31, 33, 36, 39, 40], "summary": {"covered_lines": 5, "num_statements": 6, "percent_covered": 83.33333333333333, "percent_covered_display": "83", "missing_lines": 1, "excluded_lines": 0, "percent_statements_covered": 83.33333333333333, "percent_statements_covered_display": "83"}, "missing_lines": [34], "excluded_lines": []}, "test_action_fixer_steps_exist": {"executed_lines": [46, 48, 51, 53, 54], "summary": {"covered_lines": 5, "num_statements": 6, "percent_covered": 83.33333333333333, "percent_covered_display": "83", "missing_lines": 1, "excluded_lines": 0, "percent_statements_covered": 83.33333333333333, "percent_statements_covered_display": "83"}, "missing_lines": [49], "excluded_lines": []}, "": {"executed_lines": [1, 6, 7, 8, 11, 12, 28, 29, 43, 44], "summary": {"covered_lines": 9, "num_statements": 9, "percent_covered": 100.0, "percent_covered_display": "100", "missing_lines": 0, "excluded_lines": 0, "percent_statements_covered": 100.0, "percent_statements_covered_display": "100"}, "missing_lines": [], "excluded_lines": []}}, "classes": {"": {"executed_lines": [1, 6, 7, 8, 11, 12, 14, 16, 19, 22, 23, 24, 25, 28, 29, 31, 33, 36, 39, 40, 43, 44, 46, 48, 51, 53, 54], "summary": {"covered_lines": 26, "num_statements": 29, "percent_covered": 89.65517241379311, "percent_covered_display": "90", "missing_lines": 3, "excluded_lines": 0, "percent_statements_covered": 89.65517241379311, "percent_statements_covered_display": "90"}, "missing_lines": [17, 34, 49], "excluded_lines": []}}}, "tests/integration/test_action_structure.py": {"executed_lines": [1, 6, 7, 8, 11, 12, 14, 15, 17, 18, 20, 21, 23, 24, 27, 29, 30, 35, 37, 39, 41, 42, 56, 58, 60, 79, 81, 83, 85, 86], "summary": {"covered_lines": 28, "num_statements": 62, "percent_covered": 45.16129032258065, "percent_covered_display": "45", "missing_lines": 34, "excluded_lines": 0, "percent_statements_covered": 45.16129032258065, "percent_statements_covered_display": "45"}, "missing_lines": [25, 31, 32, 33, 44, 47, 48, 49, 50, 53, 54, 61, 62, 63, 65, 66, 69, 70, 71, 72, 73, 74, 76, 77, 88, 89, 90, 92, 93, 94, 96, 98, 99, 100], "excluded_lines": [], "functions": {"TestActionStructure.actions_dir": {"executed_lines": [17, 18], "summary": {"covered_lines": 2, "num_statements": 2, "percent_covered": 100.0, "percent_covered_display": "100", "missing_lines": 0, "excluded_lines": 0, "percent_statements_covered": 100.0, "percent_statements_covered_display": "100"}, "missing_lines": [], "excluded_lines": []}, "TestActionStructure.all_actions": {"executed_lines": [23, 24], "summary": {"covered_lines": 2, "num_statements": 3, "percent_covered": 66.66666666666667, "percent_covered_display": "67", "missing_lines": 1, "excluded_lines": 0, "percent_statements_covered": 66.66666666666667, "percent_statements_covered_display": "67"}, "missing_lines": [25], "excluded_lines": []}, "TestActionStructure.test_all_actions_have_action_yml": {"executed_lines": [29, 30, 35], "summary": {"covered_lines": 3, "num_statements": 6, "percent_covered": 50.0, "percent_covered_display": "50", "missing_lines": 3, "excluded_lines": 0, "percent_statements_covered": 50.0, "percent_statements_covered_display": "50"}, "missing_lines": [31, 32, 33], "excluded_lines": []}, "TestActionStructure.test_review_and_merge_action_structure": {"executed_lines": [39, 41, 42], "summary": {"covered_lines": 3, "num_statements": 10, "percent_covered": 30.0, "percent_covered_display": "30", "missing_lines": 7, "excluded_lines": 0, "percent_statements_covered": 30.0, "percent_statements_covered_display": "30"}, "missing_lines": [44, 47, 48, 49, 50, 53, 54], "excluded_lines": []}, "TestActionStructure.test_actions_have_required_metadata": {"executed_lines": [58, 60, 79], "summary": {"covered_lines": 3, "num_statements": 16, "percent_covered": 18.75, "percent_covered_display": "19", "missing_lines": 13, "excluded_lines": 0, "percent_statements_covered": 18.75, "percent_statements_covered_display": "19"}, "missing_lines": [61, 62, 63, 65, 66, 69, 70, 71, 72, 73, 74, 76, 77], "excluded_lines": []}, "TestActionStructure.test_action_composite_steps_exist": {"executed_lines": [83, 85, 86], "summary": {"covered_lines": 3, "num_statements": 13, "percent_covered": 23.076923076923077, "percent_covered_display": "23", "missing_lines": 10, "excluded_lines": 0, "percent_statements_covered": 23.076923076923077, "percent_statements_covered_display": "23"}, "missing_lines": [88, 89, 90, 92, 93, 94, 96, 98, 99, 100], "excluded_lines": []}, "": {"executed_lines": [1, 6, 7, 8, 11, 12, 14, 15, 20, 21, 27, 37, 56, 81], "summary": {"covered_lines": 12, "num_statements": 12, "percent_covered": 100.0, "percent_covered_display": "100", "missing_lines": 0, "excluded_lines": 0, "percent_statements_covered": 100.0, "percent_statements_covered_display": "100"}, "missing_lines": [], "excluded_lines": []}}, "classes": {"TestActionStructure": {"executed_lines": [17, 18, 23, 24, 29, 30, 35, 39, 41, 42, 58, 60, 79, 83, 85, 86], "summary": {"covered_lines": 16, "num_statements": 50, "percent_covered": 32.0, "percent_covered_display": "32", "missing_lines": 34, "excluded_lines": 0, "percent_statements_covered": 32.0, "percent_statements_covered_display": "32"}, "missing_lines": [25, 31, 32, 33, 44, 47, 48, 49, 50, 53, 54, 61, 62, 63, 65, 66, 69, 70, 71, 72, 73, 74, 76, 77, 88, 89, 90, 92, 93, 94, 96, 98, 99, 100], "excluded_lines": []}, "": {"executed_lines": [1, 6, 7, 8, 11, 12, 14, 15, 20, 21, 27, 37, 56, 81], "summary": {"covered_lines": 12, "num_statements": 12, "percent_covered": 100.0, "percent_covered_display": "100", "missing_lines": 0, "excluded_lines": 0, "percent_statements_covered": 100.0, "percent_statements_covered_display": "100"}, "missing_lines": [], "excluded_lines": []}}}, "tests/integration/test_auto_document_integration.py": {"executed_lines": [1, 6, 7, 8, 11, 12, 14, 16, 19, 22, 23, 24, 25, 28, 29, 30, 33, 34, 36, 38, 41, 44, 45, 47, 48, 51, 52, 54, 56, 59, 61, 62, 65, 66], "summary": {"covered_lines": 33, "num_statements": 36, "percent_covered": 91.66666666666667, "percent_covered_display": "92", "missing_lines": 3, "excluded_lines": 0, "percent_statements_covered": 91.66666666666667, "percent_statements_covered_display": "92"}, "missing_lines": [17, 39, 57], "excluded_lines": [], "functions": {"test_auto_document_action_structure": {"executed_lines": [14, 16, 19, 22, 23, 24, 25, 28, 29, 30], "summary": {"covered_lines": 10, "num_statements": 11, "percent_covered": 90.9090909090909, "percent_covered_display": "91", "missing_lines": 1, "excluded_lines": 0, "percent_statements_covered": 90.9090909090909, "percent_statements_covered_display": "91"}, "missing_lines": [17], "excluded_lines": []}, "test_auto_document_default_values": {"executed_lines": [36, 38, 41, 44, 45, 47, 48], "summary": {"covered_lines": 7, "num_statements": 8, "percent_covered": 87.5, "percent_covered_display": "88", "missing_lines": 1, "excluded_lines": 0, "percent_statements_covered": 87.5, "percent_statements_covered_display": "88"}, "missing_lines": [39], "excluded_lines": []}, "test_auto_document_steps_exist": {"executed_lines": [54, 56, 59, 61, 62, 65, 66], "summary": {"covered_lines": 7, "num_statements": 8, "percent_covered": 87.5, "percent_covered_display": "88", "missing_lines": 1, "excluded_lines": 0, "percent_statements_covered": 87.5, "percent_statements_covered_display": "88"}, "missing_lines": [57], "excluded_lines": []}, "": {"executed_lines": [1, 6, 7, 8, 11, 12, 33, 34, 51, 52], "summary": {"covered_lines": 9, "num_statements": 9, "percent_covered": 100.0, "percent_covered_display": "100", "missing_lines": 0, "excluded_lines": 0, "percent_statements_covered": 100.0, "percent_statements_covered_display": "100"}, "missing_lines": [], "excluded_lines": []}}, "classes": {"": {"executed_lines": [1, 6, 7, 8, 11, 12, 14, 16, 19, 22, 23, 24, 25, 28, 29, 30, 33, 34, 36, 38, 41, 44, 45, 47, 48, 51, 52, 54, 56, 59, 61, 62, 65, 66], "summary": {"covered_lines": 33, "num_statements": 36, "percent_covered": 91.66666666666667, "percent_covered_display": "92", "missing_lines": 3, "excluded_lines": 0, "percent_statements_covered": 91.66666666666667, "percent_statements_covered_display": "92"}, "missing_lines": [17, 39, 57], "excluded_lines": []}}}, "tests/integration/test_auto_merge_integration.py": {"executed_lines": [1, 6, 7, 8, 11, 12, 14, 16, 19, 22, 23, 24, 25, 28, 29, 32, 33, 35, 37, 40, 42, 43, 46], "summary": {"covered_lines": 22, "num_statements": 24, "percent_covered": 91.66666666666667, "percent_covered_display": "92", "missing_lines": 2, "excluded_lines": 0, "percent_statements_covered": 91.66666666666667, "percent_statements_covered_display": "92"}, "missing_lines": [17, 38], "excluded_lines": [], "functions": {"test_auto_merge_action_structure": {"executed_lines": [14, 16, 19, 22, 23, 24, 25, 28, 29], "summary": {"covered_lines": 9, "num_statements": 10, "percent_covered": 90.0, "percent_covered_display": "90", "missing_lines": 1, "excluded_lines": 0, "percent_statements_covered": 90.0, "percent_statements_covered_display": "90"}, "missing_lines": [17], "excluded_lines": []}, "test_auto_merge_steps_exist": {"executed_lines": [35, 37, 40, 42, 43, 46], "summary": {"covered_lines": 6, "num_statements": 7, "percent_covered": 85.71428571428571, "percent_covered_display": "86", "missing_lines": 1, "excluded_lines": 0, "percent_statements_covered": 85.71428571428571, "percent_statements_covered_display": "86"}, "missing_lines": [38], "excluded_lines": []}, "": {"executed_lines": [1, 6, 7, 8, 11, 12, 32, 33], "summary": {"covered_lines": 7, "num_statements": 7, "percent_covered": 100.0, "percent_covered_display": "100", "missing_lines": 0, "excluded_lines": 0, "percent_statements_covered": 100.0, "percent_statements_covered_display": "100"}, "missing_lines": [], "excluded_lines": []}}, "classes": {"": {"executed_lines": [1, 6, 7, 8, 11, 12, 14, 16, 19, 22, 23, 24, 25, 28, 29, 32, 33, 35, 37, 40, 42, 43, 46], "summary": {"covered_lines": 22, "num_statements": 24, "percent_covered": 91.66666666666667, "percent_covered_display": "92", "missing_lines": 2, "excluded_lines": 0, "percent_statements_covered": 91.66666666666667, "percent_statements_covered_display": "92"}, "missing_lines": [17, 38], "excluded_lines": []}}}, "tests/integration/test_auto_rebase_integration.py": {"executed_lines": [1, 6, 7, 8, 11, 12, 14, 16, 19, 22, 23, 24, 25, 28, 29, 32, 33, 35, 37, 40, 43, 44, 45, 46, 49, 50, 52, 54, 57, 59, 60, 63, 64, 65], "summary": {"covered_lines": 33, "num_statements": 36, "percent_covered": 91.66666666666667, "percent_covered_display": "92", "missing_lines": 3, "excluded_lines": 0, "percent_statements_covered": 91.66666666666667, "percent_statements_covered_display": "92"}, "missing_lines": [17, 38, 55], "excluded_lines": [], "functions": {"test_auto_rebase_action_structure": {"executed_lines": [14, 16, 19, 22, 23, 24, 25, 28, 29], "summary": {"covered_lines": 9, "num_statements": 10, "percent_covered": 90.0, "percent_covered_display": "90", "missing_lines": 1, "excluded_lines": 0, "percent_statements_covered": 90.0, "percent_statements_covered_display": "90"}, "missing_lines": [17], "excluded_lines": []}, "test_auto_rebase_outputs_defined": {"executed_lines": [35, 37, 40, 43, 44, 45, 46], "summary": {"covered_lines": 7, "num_statements": 8, "percent_covered": 87.5, "percent_covered_display": "88", "missing_lines": 1, "excluded_lines": 0, "percent_statements_covered": 87.5, "percent_statements_covered_display": "88"}, "missing_lines": [38], "excluded_lines": []}, "test_auto_rebase_steps_exist": {"executed_lines": [52, 54, 57, 59, 60, 63, 64, 65], "summary": {"covered_lines": 8, "num_statements": 9, "percent_covered": 88.88888888888889, "percent_covered_display": "89", "missing_lines": 1, "excluded_lines": 0, "percent_statements_covered": 88.88888888888889, "percent_statements_covered_display": "89"}, "missing_lines": [55], "excluded_lines": []}, "": {"executed_lines": [1, 6, 7, 8, 11, 12, 32, 33, 49, 50], "summary": {"covered_lines": 9, "num_statements": 9, "percent_covered": 100.0, "percent_covered_display": "100", "missing_lines": 0, "excluded_lines": 0, "percent_statements_covered": 100.0, "percent_statements_covered_display": "100"}, "missing_lines": [], "excluded_lines": []}}, "classes": {"": {"executed_lines": [1, 6, 7, 8, 11, 12, 14, 16, 19, 22, 23, 24, 25, 28, 29, 32, 33, 35, 37, 40, 43, 44, 45, 46, 49, 50, 52, 54, 57, 59, 60, 63, 64, 65], "summary": {"covered_lines": 33, "num_statements": 36, "percent_covered": 91.66666666666667, "percent_covered_display": "92", "missing_lines": 3, "excluded_lines": 0, "percent_statements_covered": 91.66666666666667, "percent_statements_covered_display": "92"}, "missing_lines": [17, 38, 55], "excluded_lines": []}}}, "tests/integration/test_auto_refactor_integration.py": {"executed_lines": [1, 6, 7, 8, 11, 12, 14, 16, 19, 22, 23, 24, 25, 28, 29, 31, 33, 36, 39, 40, 43, 44, 46, 48, 51, 53, 55], "summary": {"covered_lines": 26, "num_statements": 29, "percent_covered": 89.65517241379311, "percent_covered_display": "90", "missing_lines": 3, "excluded_lines": 0, "percent_statements_covered": 89.65517241379311, "percent_statements_covered_display": "90"}, "missing_lines": [17, 34, 49], "excluded_lines": [], "functions": {"test_auto_refactor_action_structure": {"executed_lines": [14, 16, 19, 22, 23, 24, 25], "summary": {"covered_lines": 7, "num_statements": 8, "percent_covered": 87.5, "percent_covered_display": "88", "missing_lines": 1, "excluded_lines": 0, "percent_statements_covered": 87.5, "percent_statements_covered_display": "88"}, "missing_lines": [17], "excluded_lines": []}, "test_auto_refactor_inputs": {"executed_lines": [31, 33, 36, 39, 40], "summary": {"covered_lines": 5, "num_statements": 6, "percent_covered": 83.33333333333333, "percent_covered_display": "83", "missing_lines": 1, "excluded_lines": 0, "percent_statements_covered": 83.33333333333333, "percent_statements_covered_display": "83"}, "missing_lines": [34], "excluded_lines": []}, "test_auto_refactor_has_outputs": {"executed_lines": [46, 48, 51, 53, 55], "summary": {"covered_lines": 5, "num_statements": 6, "percent_covered": 83.33333333333333, "percent_covered_display": "83", "missing_lines": 1, "excluded_lines": 0, "percent_statements_covered": 83.33333333333333, "percent_statements_covered_display": "83"}, "missing_lines": [49], "excluded_lines": []}, "": {"executed_lines": [1, 6, 7, 8, 11, 12, 28, 29, 43, 44], "summary": {"covered_lines": 9, "num_statements": 9, "percent_covered": 100.0, "percent_covered_display": "100", "missing_lines": 0, "excluded_lines": 0, "percent_statements_covered": 100.0, "percent_statements_covered_display": "100"}, "missing_lines": [], "excluded_lines": []}}, "classes": {"": {"executed_lines": [1, 6, 7, 8, 11, 12, 14, 16, 19, 22, 23, 24, 25, 28, 29, 31, 33, 36, 39, 40, 43, 44, 46, 48, 51, 53, 55], "summary": {"covered_lines": 26, "num_statements": 29, "percent_covered": 89.65517241379311, "percent_covered_display": "90", "missing_lines": 3, "excluded_lines": 0, "percent_statements_covered": 89.65517241379311, "percent_statements_covered_display": "90"}, "missing_lines": [17, 34, 49], "excluded_lines": []}}}, "tests/integration/test_bulk_merge_prs_integration.py": {"executed_lines": [1, 6, 7, 8, 11, 12, 14, 16, 19, 22, 23, 24, 25, 28, 29, 31, 33, 36, 39, 40], "summary": {"covered_lines": 19, "num_statements": 21, "percent_covered": 90.47619047619048, "percent_covered_display": "90", "missing_lines": 2, "excluded_lines": 0, "percent_statements_covered": 90.47619047619048, "percent_statements_covered_display": "90"}, "missing_lines": [17, 34], "excluded_lines": [], "functions": {"test_bulk_merge_prs_action_structure": {"executed_lines": [14, 16, 19, 22, 23, 24, 25], "summary": {"covered_lines": 7, "num_statements": 8, "percent_covered": 87.5, "percent_covered_display": "88", "missing_lines": 1, "excluded_lines": 0, "percent_statements_covered": 87.5, "percent_statements_covered_display": "88"}, "missing_lines": [17], "excluded_lines": []}, "test_bulk_merge_prs_inputs": {"executed_lines": [31, 33, 36, 39, 40], "summary": {"covered_lines": 5, "num_statements": 6, "percent_covered": 83.33333333333333, "percent_covered_display": "83", "missing_lines": 1, "excluded_lines": 0, "percent_statements_covered": 83.33333333333333, "percent_statements_covered_display": "83"}, "missing_lines": [34], "excluded_lines": []}, "": {"executed_lines": [1, 6, 7, 8, 11, 12, 28, 29], "summary": {"covered_lines": 7, "num_statements": 7, "percent_covered": 100.0, "percent_covered_display": "100", "missing_lines": 0, "excluded_lines": 0, "percent_statements_covered": 100.0, "percent_statements_covered_display": "100"}, "missing_lines": [], "excluded_lines": []}}, "classes": {"": {"executed_lines": [1, 6, 7, 8, 11, 12, 14, 16, 19, 22, 23, 24, 25, 28, 29, 31, 33, 36, 39, 40], "summary": {"covered_lines": 19, "num_statements": 21, "percent_covered": 90.47619047619048, "percent_covered_display": "90", "missing_lines": 2, "excluded_lines": 0, "percent_statements_covered": 90.47619047619048, "percent_statements_covered_display": "90"}, "missing_lines": [17, 34], "excluded_lines": []}}}, "tests/integration/test_bulk_rebase_prs_integration.py": {"executed_lines": [1, 6, 7, 8, 11, 12, 14, 16, 19, 22, 23, 24, 25, 28, 29, 30, 33, 34, 36, 38, 41, 44, 45, 48, 49, 52, 53, 55, 57, 60, 62, 65, 66], "summary": {"covered_lines": 32, "num_statements": 35, "percent_covered": 91.42857142857143, "percent_covered_display": "91", "missing_lines": 3, "excluded_lines": 0, "percent_statements_covered": 91.42857142857143, "percent_statements_covered_display": "91"}, "missing_lines": [17, 39, 58], "excluded_lines": [], "functions": {"test_bulk_rebase_prs_action_structure": {"executed_lines": [14, 16, 19, 22, 23, 24, 25, 28, 29, 30], "summary": {"covered_lines": 10, "num_statements": 11, "percent_covered": 90.9090909090909, "percent_covered_display": "91", "missing_lines": 1, "excluded_lines": 0, "percent_statements_covered": 90.9090909090909, "percent_statements_covered_display": "91"}, "missing_lines": [17], "excluded_lines": []}, "test_bulk_rebase_prs_filter_options": {"executed_lines": [36, 38, 41, 44, 45, 48, 49], "summary": {"covered_lines": 7, "num_statements": 8, "percent_covered": 87.5, "percent_covered_display": "88", "missing_lines": 1, "excluded_lines": 0, "percent_statements_covered": 87.5, "percent_statements_covered_display": "88"}, "missing_lines": [39], "excluded_lines": []}, "test_bulk_rebase_prs_steps_exist": {"executed_lines": [55, 57, 60, 62, 65, 66], "summary": {"covered_lines": 6, "num_statements": 7, "percent_covered": 85.71428571428571, "percent_covered_display": "86", "missing_lines": 1, "excluded_lines": 0, "percent_statements_covered": 85.71428571428571, "percent_statements_covered_display": "86"}, "missing_lines": [58], "excluded_lines": []}, "": {"executed_lines": [1, 6, 7, 8, 11, 12, 33, 34, 52, 53], "summary": {"covered_lines": 9, "num_statements": 9, "percent_covered": 100.0, "percent_covered_display": "100", "missing_lines": 0, "excluded_lines": 0, "percent_statements_covered": 100.0, "percent_statements_covered_display": "100"}, "missing_lines": [], "excluded_lines": []}}, "classes": {"": {"executed_lines": [1, 6, 7, 8, 11, 12, 14, 16, 19, 22, 23, 24, 25, 28, 29, 30, 33, 34, 36, 38, 41, 44, 45, 48, 49, 52, 53, 55, 57, 60, 62, 65, 66], "summary": {"covered_lines": 32, "num_statements": 35, "percent_covered": 91.42857142857143, "percent_covered_display": "91", "missing_lines": 3, "excluded_lines": 0, "percent_statements_covered": 91.42857142857143, "percent_statements_covered_display": "91"}, "missing_lines": [17, 39, 58], "excluded_lines": []}}}, "tests/integration/test_mock_claude.py": {"executed_lines": [1, 6, 7, 8, 11, 12, 14, 16, 17, 18, 20, 22, 24, 31, 32, 34, 36, 38, 45, 46, 47, 49, 51, 53, 60, 61, 62, 64, 66, 68, 75, 76, 79, 80, 82, 84, 86, 87, 90, 91, 93, 95, 97, 98, 101, 102, 105, 106, 108, 110, 111, 113, 115, 116, 119, 120, 121, 122, 123, 125, 127, 128, 131, 132, 133, 134], "summary": {"covered_lines": 62, "num_statements": 62, "percent_covered": 100.0, "percent_covered_display": "100", "missing_lines": 0, "excluded_lines": 0, "percent_statements_covered": 100.0, "percent_statements_covered_display": "100"}, "missing_lines": [], "excluded_lines": [], "functions": {"TestMockClaudeCLI.test_mock_exists_and_executable": {"executed_lines": [16, 17, 18], "summary": {"covered_lines": 3, "num_statements": 3, "percent_covered": 100.0, "percent_covered_display": "100", "missing_lines": 0, "excluded_lines": 0, "percent_statements_covered": 100.0, "percent_statements_covered_display": "100"}, "missing_lines": [], "excluded_lines": []}, "TestMockClaudeCLI.test_mock_default_success_scenario": {"executed_lines": [22, 24, 31, 32], "summary": {"covered_lines": 4, "num_statements": 4, "percent_covered": 100.0, "percent_covered_display": "100", "missing_lines": 0, "excluded_lines": 0, "percent_statements_covered": 100.0, "percent_statements_covered_display": "100"}, "missing_lines": [], "excluded_lines": []}, "TestMockClaudeCLI.test_mock_lgtm_scenario": {"executed_lines": [36, 38, 45, 46, 47], "summary": {"covered_lines": 5, "num_statements": 5, "percent_covered": 100.0, "percent_covered_display": "100", "missing_lines": 0, "excluded_lines": 0, "percent_statements_covered": 100.0, "percent_statements_covered_display": "100"}, "missing_lines": [], "excluded_lines": []}, "TestMockClaudeCLI.test_mock_request_changes_scenario": {"executed_lines": [51, 53, 60, 61, 62], "summary": {"covered_lines": 5, "num_statements": 5, "percent_covered": 100.0, "percent_covered_display": "100", "missing_lines": 0, "excluded_lines": 0, "percent_statements_covered": 100.0, "percent_statements_covered_display": "100"}, "missing_lines": [], "excluded_lines": []}, "TestMockClaudeCLI.test_mock_error_scenario": {"executed_lines": [66, 68, 75, 76], "summary": {"covered_lines": 4, "num_statements": 4, "percent_covered": 100.0, "percent_covered_display": "100", "missing_lines": 0, "excluded_lines": 0, "percent_statements_covered": 100.0, "percent_statements_covered_display": "100"}, "missing_lines": [], "excluded_lines": []}, "TestSecurityPatterns.test_review_and_merge_has_cli_check": {"executed_lines": [84, 86, 87, 90, 91], "summary": {"covered_lines": 5, "num_statements": 5, "percent_covered": 100.0, "percent_covered_display": "100", "missing_lines": 0, "excluded_lines": 0, "percent_statements_covered": 100.0, "percent_statements_covered_display": "100"}, "missing_lines": [], "excluded_lines": []}, "TestSecurityPatterns.test_shared_script_has_path_validation": {"executed_lines": [95, 97, 98, 101, 102], "summary": {"covered_lines": 5, "num_statements": 5, "percent_covered": 100.0, "percent_covered_display": "100", "missing_lines": 0, "excluded_lines": 0, "percent_statements_covered": 100.0, "percent_statements_covered_display": "100"}, "missing_lines": [], "excluded_lines": []}, "TestSecurityChecklist.test_security_checklist_exists": {"executed_lines": [110, 111], "summary": {"covered_lines": 2, "num_statements": 2, "percent_covered": 100.0, "percent_covered_display": "100", "missing_lines": 0, "excluded_lines": 0, "percent_statements_covered": 100.0, "percent_statements_covered_display": "100"}, "missing_lines": [], "excluded_lines": []}, "TestSecurityChecklist.test_security_checklist_content": {"executed_lines": [115, 116, 119, 120, 121, 122, 123], "summary": {"covered_lines": 7, "num_statements": 7, "percent_covered": 100.0, "percent_covered_display": "100", "missing_lines": 0, "excluded_lines": 0, "percent_statements_covered": 100.0, "percent_statements_covered_display": "100"}, "missing_lines": [], "excluded_lines": []}, "TestSecurityChecklist.test_security_checklist_audit_results": {"executed_lines": [127, 128, 131, 132, 133, 134], "summary": {"covered_lines": 6, "num_statements": 6, "percent_covered": 100.0, "percent_covered_display": "100", "missing_lines": 0, "excluded_lines": 0, "percent_statements_covered": 100.0, "percent_statements_covered_display": "100"}, "missing_lines": [], "excluded_lines": []}, "": {"executed_lines": [1, 6, 7, 8, 11, 12, 14, 20, 34, 49, 64, 79, 80, 82, 93, 105, 106, 108, 113, 125], "summary": {"covered_lines": 16, "num_statements": 16, "percent_covered": 100.0, "percent_covered_display": "100", "missing_lines": 0, "excluded_lines": 0, "percent_statements_covered": 100.0, "percent_statements_covered_display": "100"}, "missing_lines": [], "excluded_lines": []}}, "classes": {"TestMockClaudeCLI": {"executed_lines": [16, 17, 18, 22, 24, 31, 32, 36, 38, 45, 46, 47, 51, 53, 60, 61, 62, 66, 68, 75, 76], "summary": {"covered_lines": 21, "num_statements": 21, "percent_covered": 100.0, "percent_covered_display": "100", "missing_lines": 0, "excluded_lines": 0, "percent_statements_covered": 100.0, "percent_statements_covered_display": "100"}, "missing_lines": [], "excluded_lines": []}, "TestSecurityPatterns": {"executed_lines": [84, 86, 87, 90, 91, 95, 97, 98, 101, 102], "summary": {"covered_lines": 10, "num_statements": 10, "percent_covered": 100.0, "percent_covered_display": "100", "missing_lines": 0, "excluded_lines": 0, "percent_statements_covered": 100.0, "percent_statements_covered_display": "100"}, "missing_lines": [], "excluded_lines": []}, "TestSecurityChecklist": {"executed_lines": [110, 111, 115, 116, 119, 120, 121, 122, 123, 127, 128, 131, 132, 133, 134], "summary": {"covered_lines": 15, "num_statements": 15, "percent_covered": 100.0, "percent_covered_display": "100", "missing_lines": 0, "excluded_lines": 0, "percent_statements_covered": 100.0, "percent_statements_covered_display": "100"}, "missing_lines": [], "excluded_lines": []}, "": {"executed_lines": [1, 6, 7, 8, 11, 12, 14, 20, 34, 49, 64, 79, 80, 82, 93, 105, 106, 108, 113, 125], "summary": {"covered_lines": 16, "num_statements": 16, "percent_covered": 100.0, "percent_covered_display": "100", "missing_lines": 0, "excluded_lines": 0, "percent_statements_covered": 100.0, "percent_statements_covered_display": "100"}, "missing_lines": [], "excluded_lines": []}}}, "tests/integration/test_pr_review_enqueuer_integration.py": {"executed_lines": [1, 6, 7, 8, 11, 12, 14, 16, 19, 22, 23, 24, 25, 28, 29, 32, 33, 35, 37, 40, 43, 44, 45, 48, 49, 51, 53, 56, 59, 60, 61, 62, 65, 68, 69, 71, 73, 76, 78, 81, 82], "summary": {"covered_lines": 40, "num_statements": 44, "percent_covered": 90.9090909090909, "percent_covered_display": "91", "missing_lines": 4, "excluded_lines": 0, "percent_statements_covered": 90.9090909090909, "percent_statements_covered_display": "91"}, "missing_lines": [17, 38, 54, 74], "excluded_lines": [], "functions": {"test_pr_review_enqueuer_action_structure": {"executed_lines": [14, 16, 19, 22, 23, 24, 25, 28, 29], "summary": {"covered_lines": 9, "num_statements": 10, "percent_covered": 90.0, "percent_covered_display": "90", "missing_lines": 1, "excluded_lines": 0, "percent_statements_covered": 90.0, "percent_statements_covered_display": "90"}, "missing_lines": [17], "excluded_lines": []}, "test_pr_review_enqueuer_outputs_defined": {"executed_lines": [35, 37, 40, 43, 44, 45], "summary": {"covered_lines": 6, "num_statements": 7, "percent_covered": 85.71428571428571, "percent_covered_display": "86", "missing_lines": 1, "excluded_lines": 0, "percent_statements_covered": 85.71428571428571, "percent_statements_covered_display": "86"}, "missing_lines": [38], "excluded_lines": []}, "test_pr_review_enqueuer_filter_options": {"executed_lines": [51, 53, 56, 59, 60, 61, 62, 65], "summary": {"covered_lines": 8, "num_statements": 9, "percent_covered": 88.88888888888889, "percent_covered_display": "89", "missing_lines": 1, "excluded_lines": 0, "percent_statements_covered": 88.88888888888889, "percent_statements_covered_display": "89"}, "missing_lines": [54], "excluded_lines": []}, "test_pr_review_enqueuer_steps_exist": {"executed_lines": [71, 73, 76, 78, 81, 82], "summary": {"covered_lines": 6, "num_statements": 7, "percent_covered": 85.71428571428571, "percent_covered_display": "86", "missing_lines": 1, "excluded_lines": 0, "percent_statements_covered": 85.71428571428571, "percent_statements_covered_display": "86"}, "missing_lines": [74], "excluded_lines": []}, "": {"executed_lines": [1, 6, 7, 8, 11, 12, 32, 33, 48, 49, 68, 69], "summary": {"covered_lines": 11, "num_statements": 11, "percent_covered": 100.0, "percent_covered_display": "100", "missing_lines": 0, "excluded_lines": 0, "percent_statements_covered": 100.0, "percent_statements_covered_display": "100"}, "missing_lines": [], "excluded_lines": []}}, "classes": {"": {"executed_lines": [1, 6, 7, 8, 11, 12, 14, 16, 19, 22, 23, 24, 25, 28, 29, 32, 33, 35, 37, 40, 43, 44, 45, 48, 49, 51, 53, 56, 59, 60, 61, 62, 65, 68, 69, 71, 73, 76, 78, 81, 82], "summary": {"covered_lines": 40, "num_statements": 44, "percent_covered": 90.9090909090909, "percent_covered_display": "91", "missing_lines": 4, "excluded_lines": 0, "percent_statements_covered": 90.9090909090909, "percent_statements_covered_display": "91"}, "missing_lines": [17, 38, 54, 74], "excluded_lines": []}}}, "tests/integration/test_publish_pr_integration.py": {"executed_lines": [1, 6, 7, 8, 11, 12, 14, 16, 19, 22, 23, 24, 25, 28, 29, 31, 33, 36, 38], "summary": {"covered_lines": 18, "num_statements": 20, "percent_covered": 90.0, "percent_covered_display": "90", "missing_lines": 2, "excluded_lines": 0, "percent_statements_covered": 90.0, "percent_statements_covered_display": "90"}, "missing_lines": [17, 34], "excluded_lines": [], "functions": {"test_publish_pr_action_structure": {"executed_lines": [14, 16, 19, 22, 23, 24, 25], "summary": {"covered_lines": 7, "num_statements": 8, "percent_covered": 87.5, "percent_covered_display": "88", "missing_lines": 1, "excluded_lines": 0, "percent_statements_covered": 87.5, "percent_statements_covered_display": "88"}, "missing_lines": [17], "excluded_lines": []}, "test_publish_pr_inputs": {"executed_lines": [31, 33, 36, 38], "summary": {"covered_lines": 4, "num_statements": 5, "percent_covered": 80.0, "percent_covered_display": "80", "missing_lines": 1, "excluded_lines": 0, "percent_statements_covered": 80.0, "percent_statements_covered_display": "80"}, "missing_lines": [34], "excluded_lines": []}, "": {"executed_lines": [1, 6, 7, 8, 11, 12, 28, 29], "summary": {"covered_lines": 7, "num_statements": 7, "percent_covered": 100.0, "percent_covered_display": "100", "missing_lines": 0, "excluded_lines": 0, "percent_statements_covered": 100.0, "percent_statements_covered_display": "100"}, "missing_lines": [], "excluded_lines": []}}, "classes": {"": {"executed_lines": [1, 6, 7, 8, 11, 12, 14, 16, 19, 22, 23, 24, 25, 28, 29, 31, 33, 36, 38], "summary": {"covered_lines": 18, "num_statements": 20, "percent_covered": 90.0, "percent_covered_display": "90", "missing_lines": 2, "excluded_lines": 0, "percent_statements_covered": 90.0, "percent_statements_covered_display": "90"}, "missing_lines": [17, 34], "excluded_lines": []}}}, "tests/integration/test_release_notes_ai_integration.py": {"executed_lines": [1, 6, 7, 8, 11, 12, 14, 16, 19, 22, 23, 24, 25, 28, 29, 30, 33, 34, 36, 38, 41, 44, 45, 47, 48, 50, 51, 54, 55, 57, 59, 62, 65, 66, 69, 70, 72, 74, 77, 79, 82, 83], "summary": {"covered_lines": 41, "num_statements": 45, "percent_covered": 91.11111111111111, "percent_covered_display": "91", "missing_lines": 4, "excluded_lines": 0, "percent_statements_covered": 91.11111111111111, "percent_statements_covered_display": "91"}, "missing_lines": [17, 39, 60, 75], "excluded_lines": [], "functions": {"test_release_notes_ai_action_structure": {"executed_lines": [14, 16, 19, 22, 23, 24, 25, 28, 29, 30], "summary": {"covered_lines": 10, "num_statements": 11, "percent_covered": 90.9090909090909, "percent_covered_display": "91", "missing_lines": 1, "excluded_lines": 0, "percent_statements_covered": 90.9090909090909, "percent_statements_covered_display": "91"}, "missing_lines": [17], "excluded_lines": []}, "test_release_notes_ai_default_values": {"executed_lines": [36, 38, 41, 44, 45, 47, 48, 50, 51], "summary": {"covered_lines": 9, "num_statements": 10, "percent_covered": 90.0, "percent_covered_display": "90", "missing_lines": 1, "excluded_lines": 0, "percent_statements_covered": 90.0, "percent_statements_covered_display": "90"}, "missing_lines": [39], "excluded_lines": []}, "test_release_notes_ai_template_support": {"executed_lines": [57, 59, 62, 65, 66], "summary": {"covered_lines": 5, "num_statements": 6, "percent_covered": 83.33333333333333, "percent_covered_display": "83", "missing_lines": 1, "excluded_lines": 0, "percent_statements_covered": 83.33333333333333, "percent_statements_covered_display": "83"}, "missing_lines": [60], "excluded_lines": []}, "test_release_notes_ai_steps_exist": {"executed_lines": [72, 74, 77, 79, 82, 83], "summary": {"covered_lines": 6, "num_statements": 7, "percent_covered": 85.71428571428571, "percent_covered_display": "86", "missing_lines": 1, "excluded_lines": 0, "percent_statements_covered": 85.71428571428571, "percent_statements_covered_display": "86"}, "missing_lines": [75], "excluded_lines": []}, "": {"executed_lines": [1, 6, 7, 8, 11, 12, 33, 34, 54, 55, 69, 70], "summary": {"covered_lines": 11, "num_statements": 11, "percent_covered": 100.0, "percent_covered_display": "100", "missing_lines": 0, "excluded_lines": 0, "percent_statements_covered": 100.0, "percent_statements_covered_display": "100"}, "missing_lines": [], "excluded_lines": []}}, "classes": {"": {"executed_lines": [1, 6, 7, 8, 11, 12, 14, 16, 19, 22, 23, 24, 25, 28, 29, 30, 33, 34, 36, 38, 41, 44, 45, 47, 48, 50, 51, 54, 55, 57, 59, 62, 65, 66, 69, 70, 72, 74, 77, 79, 82, 83], "summary": {"covered_lines": 41, "num_statements": 45, "percent_covered": 91.11111111111111, "percent_covered_display": "91", "missing_lines": 4, "excluded_lines": 0, "percent_statements_covered": 91.11111111111111, "percent_statements_covered_display": "91"}, "missing_lines": [17, 39, 60, 75], "excluded_lines": []}}}, "tests/integration/test_review_auto_merge_integration.py": {"executed_lines": [1, 6, 7, 8, 11, 12, 14, 16, 19, 22, 23, 24, 25, 28, 29, 32, 33, 35, 37, 40, 43, 44, 47, 48, 50, 52, 55, 58, 59, 62, 63, 65, 67, 70, 72, 75, 76], "summary": {"covered_lines": 36, "num_statements": 40, "percent_covered": 90.0, "percent_covered_display": "90", "missing_lines": 4, "excluded_lines": 0, "percent_statements_covered": 90.0, "percent_statements_covered_display": "90"}, "missing_lines": [17, 38, 53, 68], "excluded_lines": [], "functions": {"test_review_auto_merge_action_structure": {"executed_lines": [14, 16, 19, 22, 23, 24, 25, 28, 29], "summary": {"covered_lines": 9, "num_statements": 10, "percent_covered": 90.0, "percent_covered_display": "90", "missing_lines": 1, "excluded_lines": 0, "percent_statements_covered": 90.0, "percent_statements_covered_display": "90"}, "missing_lines": [17], "excluded_lines": []}, "test_review_auto_merge_outputs_defined": {"executed_lines": [35, 37, 40, 43, 44], "summary": {"covered_lines": 5, "num_statements": 6, "percent_covered": 83.33333333333333, "percent_covered_display": "83", "missing_lines": 1, "excluded_lines": 0, "percent_statements_covered": 83.33333333333333, "percent_statements_covered_display": "83"}, "missing_lines": [38], "excluded_lines": []}, "test_review_auto_merge_retry_logic": {"executed_lines": [50, 52, 55, 58, 59], "summary": {"covered_lines": 5, "num_statements": 6, "percent_covered": 83.33333333333333, "percent_covered_display": "83", "missing_lines": 1, "excluded_lines": 0, "percent_statements_covered": 83.33333333333333, "percent_statements_covered_display": "83"}, "missing_lines": [53], "excluded_lines": []}, "test_review_auto_merge_steps_exist": {"executed_lines": [65, 67, 70, 72, 75, 76], "summary": {"covered_lines": 6, "num_statements": 7, "percent_covered": 85.71428571428571, "percent_covered_display": "86", "missing_lines": 1, "excluded_lines": 0, "percent_statements_covered": 85.71428571428571, "percent_statements_covered_display": "86"}, "missing_lines": [68], "excluded_lines": []}, "": {"executed_lines": [1, 6, 7, 8, 11, 12, 32, 33, 47, 48, 62, 63], "summary": {"covered_lines": 11, "num_statements": 11, "percent_covered": 100.0, "percent_covered_display": "100", "missing_lines": 0, "excluded_lines": 0, "percent_statements_covered": 100.0, "percent_statements_covered_display": "100"}, "missing_lines": [], "excluded_lines": []}}, "classes": {"": {"executed_lines": [1, 6, 7, 8, 11, 12, 14, 16, 19, 22, 23, 24, 25, 28, 29, 32, 33, 35, 37, 40, 43, 44, 47, 48, 50, 52, 55, 58, 59, 62, 63, 65, 67, 70, 72, 75, 76], "summary": {"covered_lines": 36, "num_statements": 40, "percent_covered": 90.0, "percent_covered_display": "90", "missing_lines": 4, "excluded_lines": 0, "percent_statements_covered": 90.0, "percent_statements_covered_display": "90"}, "missing_lines": [17, 38, 53, 68], "excluded_lines": []}}}, "tests/integration/test_spec_to_code_integration.py": {"executed_lines": [1, 6, 7, 8, 11, 12, 14, 16, 19, 22, 23, 24, 25, 28, 29, 30, 33, 34, 36, 38, 41, 44, 47, 48, 50, 52, 55, 58, 59, 61, 62, 65, 66, 68, 70, 73, 76, 77, 80, 81, 83, 85, 88, 90, 91, 94, 95, 96], "summary": {"covered_lines": 47, "num_statements": 52, "percent_covered": 90.38461538461539, "percent_covered_display": "90", "missing_lines": 5, "excluded_lines": 0, "percent_statements_covered": 90.38461538461539, "percent_statements_covered_display": "90"}, "missing_lines": [17, 39, 53, 71, 86], "excluded_lines": [], "functions": {"test_spec_to_code_action_structure": {"executed_lines": [14, 16, 19, 22, 23, 24, 25, 28, 29, 30], "summary": {"covered_lines": 10, "num_statements": 11, "percent_covered": 90.9090909090909, "percent_covered_display": "91", "missing_lines": 1, "excluded_lines": 0, "percent_statements_covered": 90.9090909090909, "percent_statements_covered_display": "91"}, "missing_lines": [17], "excluded_lines": []}, "test_spec_to_code_required_inputs": {"executed_lines": [36, 38, 41, 44], "summary": {"covered_lines": 4, "num_statements": 5, "percent_covered": 80.0, "percent_covered_display": "80", "missing_lines": 1, "excluded_lines": 0, "percent_statements_covered": 80.0, "percent_statements_covered_display": "80"}, "missing_lines": [39], "excluded_lines": []}, "test_spec_to_code_default_values": {"executed_lines": [50, 52, 55, 58, 59, 61, 62], "summary": {"covered_lines": 7, "num_statements": 8, "percent_covered": 87.5, "percent_covered_display": "88", "missing_lines": 1, "excluded_lines": 0, "percent_statements_covered": 87.5, "percent_statements_covered_display": "88"}, "missing_lines": [53], "excluded_lines": []}, "test_spec_to_code_template_support": {"executed_lines": [68, 70, 73, 76, 77], "summary": {"covered_lines": 5, "num_statements": 6, "percent_covered": 83.33333333333333, "percent_covered_display": "83", "missing_lines": 1, "excluded_lines": 0, "percent_statements_covered": 83.33333333333333, "percent_statements_covered_display": "83"}, "missing_lines": [71], "excluded_lines": []}, "test_spec_to_code_steps_exist": {"executed_lines": [83, 85, 88, 90, 91, 94, 95, 96], "summary": {"covered_lines": 8, "num_statements": 9, "percent_covered": 88.88888888888889, "percent_covered_display": "89", "missing_lines": 1, "excluded_lines": 0, "percent_statements_covered": 88.88888888888889, "percent_statements_covered_display": "89"}, "missing_lines": [86], "excluded_lines": []}, "": {"executed_lines": [1, 6, 7, 8, 11, 12, 33, 34, 47, 48, 65, 66, 80, 81], "summary": {"covered_lines": 13, "num_statements": 13, "percent_covered": 100.0, "percent_covered_display": "100", "missing_lines": 0, "excluded_lines": 0, "percent_statements_covered": 100.0, "percent_statements_covered_display": "100"}, "missing_lines": [], "excluded_lines": []}}, "classes": {"": {"executed_lines": [1, 6, 7, 8, 11, 12, 14, 16, 19, 22, 23, 24, 25, 28, 29, 30, 33, 34, 36, 38, 41, 44, 47, 48, 50, 52, 55, 58, 59, 61, 62, 65, 66, 68, 70, 73, 76, 77, 80, 81, 83, 85, 88, 90, 91, 94, 95, 96], "summary": {"covered_lines": 47, "num_statements": 52, "percent_covered": 90.38461538461539, "percent_covered_display": "90", "missing_lines": 5, "excluded_lines": 0, "percent_statements_covered": 90.38461538461539, "percent_statements_covered_display": "90"}, "missing_lines": [17, 39, 53, 71, 86], "excluded_lines": []}}}, "tests/metrics/__init__.py": {"executed_lines": [1], "summary": {"covered_lines": 0, "num_statements": 0, "percent_covered": 100.0, "percent_covered_display": "100", "missing_lines": 0, "excluded_lines": 0, "percent_statements_covered": 100.0, "percent_statements_covered_display": "100"}, "missing_lines": [], "excluded_lines": [], "functions": {"": {"executed_lines": [1], "summary": {"covered_lines": 0, "num_statements": 0, "percent_covered": 100.0, "percent_covered_display": "100", "missing_lines": 0, "excluded_lines": 0, "percent_statements_covered": 100.0, "percent_statements_covered_display": "100"}, "missing_lines": [], "excluded_lines": []}}, "classes": {"": {"executed_lines": [1], "summary": {"covered_lines": 0, "num_statements": 0, "percent_covered": 100.0, "percent_covered_display": "100", "missing_lines": 0, "excluded_lines": 0, "percent_statements_covered": 100.0, "percent_statements_covered_display": "100"}, "missing_lines": [], "excluded_lines": []}}}, "tests/metrics/test_acceptance_tracker.py": {"executed_lines": [1, 5, 6, 7, 8, 10, 12, 18, 19, 21, 23, 24, 25, 26, 28, 30, 31, 32, 33, 35, 37, 38, 39, 40, 41, 43, 45, 46, 47, 48, 49, 51, 53, 54, 55, 56, 57, 59, 61, 62, 63, 65, 67, 70, 73, 74, 75, 76, 78, 80, 82, 83, 84, 85, 87, 89, 90, 91, 92, 94, 96, 99, 100, 101, 102, 104, 106, 108, 111, 112, 113, 114, 116, 118, 120, 121, 122, 124, 125, 126, 128, 129, 131, 133, 134, 135, 137, 139, 140, 141, 142, 143, 145, 147, 148, 151, 152, 153, 154, 157, 159, 160, 162, 163, 164, 166, 168, 169, 172, 173, 174, 175, 178, 179, 180, 181, 184, 185, 187, 189, 191, 192, 193, 194, 196, 198, 199, 200, 202, 204, 205, 207, 209, 210, 212, 214, 215, 218, 219, 220, 221, 224, 226, 227, 230, 231, 233, 235, 236, 238, 240, 252, 254, 255, 256, 258, 260, 281, 283, 284, 285, 287, 289, 310, 312, 313, 314, 316, 318, 339, 341, 342, 343, 344, 346, 348, 360, 362, 363, 364], "summary": {"covered_lines": 177, "num_statements": 177, "percent_covered": 100.0, "percent_covered_display": "100", "missing_lines": 0, "excluded_lines": 0, "percent_statements_covered": 100.0, "percent_statements_covered_display": "100"}, "missing_lines": [], "excluded_lines": [], "functions": {"TestAcceptanceTracker.test_initialization": {"executed_lines": [23, 24, 25, 26], "summary": {"covered_lines": 4, "num_statements": 4, "percent_covered": 100.0, "percent_covered_display": "100", "missing_lines": 0, "excluded_lines": 0, "percent_statements_covered": 100.0, "percent_statements_covered_display": "100"}, "missing_lines": [], "excluded_lines": []}, "TestAcceptanceTracker.test_record_suggestion_made": {"executed_lines": [30, 31, 32, 33], "summary": {"covered_lines": 4, "num_statements": 4, "percent_covered": 100.0, "percent_covered_display": "100", "missing_lines": 0, "excluded_lines": 0, "percent_statements_covered": 100.0, "percent_statements_covered_display": "100"}, "missing_lines": [], "excluded_lines": []}, "TestAcceptanceTracker.test_record_suggestion_accepted": {"executed_lines": [37, 38, 39, 40, 41], "summary": {"covered_lines": 5, "num_statements": 5, "percent_covered": 100.0, "percent_covered_display": "100", "missing_lines": 0, "excluded_lines": 0, "percent_statements_covered": 100.0, "percent_statements_covered_display": "100"}, "missing_lines": [], "excluded_lines": []}, "TestAcceptanceTracker.test_record_suggestion_rejected": {"executed_lines": [45, 46, 47, 48, 49], "summary": {"covered_lines": 5, "num_statements": 5, "percent_covered": 100.0, "percent_covered_display": "100", "missing_lines": 0, "excluded_lines": 0, "percent_statements_covered": 100.0, "percent_statements_covered_display": "100"}, "missing_lines": [], "excluded_lines": []}, "TestAcceptanceTracker.test_record_suggestion_modified": {"executed_lines": [53, 54, 55, 56, 57], "summary": {"covered_lines": 5, "num_statements": 5, "percent_covered": 100.0, "percent_covered_display": "100", "missing_lines": 0, "excluded_lines": 0, "percent_statements_covered": 100.0, "percent_statements_covered_display": "100"}, "missing_lines": [], "excluded_lines": []}, "TestAcceptanceTracker.test_record_invalid_outcome": {"executed_lines": [61, 62, 63], "summary": {"covered_lines": 3, "num_statements": 3, "percent_covered": 100.0, "percent_covered_display": "100", "missing_lines": 0, "excluded_lines": 0, "percent_statements_covered": 100.0, "percent_statements_covered_display": "100"}, "missing_lines": [], "excluded_lines": []}, "TestAcceptanceTracker.test_acceptance_rate_calculation": {"executed_lines": [67, 70, 73, 74, 75, 76, 78], "summary": {"covered_lines": 7, "num_statements": 7, "percent_covered": 100.0, "percent_covered_display": "100", "missing_lines": 0, "excluded_lines": 0, "percent_statements_covered": 100.0, "percent_statements_covered_display": "100"}, "missing_lines": [], "excluded_lines": []}, "TestAcceptanceTracker.test_acceptance_rate_100_percent": {"executed_lines": [82, 83, 84, 85], "summary": {"covered_lines": 4, "num_statements": 4, "percent_covered": 100.0, "percent_covered_display": "100", "missing_lines": 0, "excluded_lines": 0, "percent_statements_covered": 100.0, "percent_statements_covered_display": "100"}, "missing_lines": [], "excluded_lines": []}, "TestAcceptanceTracker.test_acceptance_rate_0_percent": {"executed_lines": [89, 90, 91, 92], "summary": {"covered_lines": 4, "num_statements": 4, "percent_covered": 100.0, "percent_covered_display": "100", "missing_lines": 0, "excluded_lines": 0, "percent_statements_covered": 100.0, "percent_statements_covered_display": "100"}, "missing_lines": [], "excluded_lines": []}, "TestAcceptanceTracker.test_rejection_rate": {"executed_lines": [96, 99, 100, 101, 102, 104], "summary": {"covered_lines": 6, "num_statements": 6, "percent_covered": 100.0, "percent_covered_display": "100", "missing_lines": 0, "excluded_lines": 0, "percent_statements_covered": 100.0, "percent_statements_covered_display": "100"}, "missing_lines": [], "excluded_lines": []}, "TestAcceptanceTracker.test_modification_rate": {"executed_lines": [108, 111, 112, 113, 114, 116], "summary": {"covered_lines": 6, "num_statements": 6, "percent_covered": 100.0, "percent_covered_display": "100", "missing_lines": 0, "excluded_lines": 0, "percent_statements_covered": 100.0, "percent_statements_covered_display": "100"}, "missing_lines": [], "excluded_lines": []}, "TestAcceptanceTracker.test_get_metrics": {"executed_lines": [120, 121, 122, 124, 125, 126, 128, 129], "summary": {"covered_lines": 8, "num_statements": 8, "percent_covered": 100.0, "percent_covered_display": "100", "missing_lines": 0, "excluded_lines": 0, "percent_statements_covered": 100.0, "percent_statements_covered_display": "100"}, "missing_lines": [], "excluded_lines": []}, "TestAcceptanceTracker.test_export_metrics": {"executed_lines": [133, 134, 135, 137, 139, 140, 141, 142, 143], "summary": {"covered_lines": 9, "num_statements": 9, "percent_covered": 100.0, "percent_covered_display": "100", "missing_lines": 0, "excluded_lines": 0, "percent_statements_covered": 100.0, "percent_statements_covered_display": "100"}, "missing_lines": [], "excluded_lines": []}, "TestAcceptanceTracker.test_save_to_file": {"executed_lines": [147, 148, 151, 152, 153, 154, 157, 159, 160, 162, 163, 164], "summary": {"covered_lines": 12, "num_statements": 12, "percent_covered": 100.0, "percent_covered_display": "100", "missing_lines": 0, "excluded_lines": 0, "percent_statements_covered": 100.0, "percent_statements_covered_display": "100"}, "missing_lines": [], "excluded_lines": []}, "TestAcceptanceTracker.test_save_to_file_appends": {"executed_lines": [168, 169, 172, 173, 174, 175, 178, 179, 180, 181, 184, 185, 187], "summary": {"covered_lines": 13, "num_statements": 13, "percent_covered": 100.0, "percent_covered_display": "100", "missing_lines": 0, "excluded_lines": 0, "percent_statements_covered": 100.0, "percent_statements_covered_display": "100"}, "missing_lines": [], "excluded_lines": []}, "TestAcceptanceTracker.test_reset_metrics": {"executed_lines": [191, 192, 193, 194, 196, 198, 199, 200], "summary": {"covered_lines": 8, "num_statements": 8, "percent_covered": 100.0, "percent_covered_display": "100", "missing_lines": 0, "excluded_lines": 0, "percent_statements_covered": 100.0, "percent_statements_covered_display": "100"}, "missing_lines": [], "excluded_lines": []}, "TestAcceptanceTracker.test_from_file_no_existing_file": {"executed_lines": [204, 205, 207, 209, 210], "summary": {"covered_lines": 5, "num_statements": 5, "percent_covered": 100.0, "percent_covered_display": "100", "missing_lines": 0, "excluded_lines": 0, "percent_statements_covered": 100.0, "percent_statements_covered_display": "100"}, "missing_lines": [], "excluded_lines": []}, "TestAcceptanceTracker.test_from_file_loads_existing_data": {"executed_lines": [214, 215, 218, 219, 220, 221, 224, 226, 227], "summary": {"covered_lines": 9, "num_statements": 9, "percent_covered": 100.0, "percent_covered_display": "100", "missing_lines": 0, "excluded_lines": 0, "percent_statements_covered": 100.0, "percent_statements_covered_display": "100"}, "missing_lines": [], "excluded_lines": []}, "TestAggregateMetricsByAction.test_aggregate_empty_list": {"executed_lines": [235, 236], "summary": {"covered_lines": 2, "num_statements": 2, "percent_covered": 100.0, "percent_covered_display": "100", "missing_lines": 0, "excluded_lines": 0, "percent_statements_covered": 100.0, "percent_statements_covered_display": "100"}, "missing_lines": [], "excluded_lines": []}, "TestAggregateMetricsByAction.test_aggregate_single_action": {"executed_lines": [240, 252, 254, 255, 256], "summary": {"covered_lines": 5, "num_statements": 5, "percent_covered": 100.0, "percent_covered_display": "100", "missing_lines": 0, "excluded_lines": 0, "percent_statements_covered": 100.0, "percent_statements_covered_display": "100"}, "missing_lines": [], "excluded_lines": []}, "TestAggregateMetricsByAction.test_aggregate_multiple_actions": {"executed_lines": [260, 281, 283, 284, 285], "summary": {"covered_lines": 5, "num_statements": 5, "percent_covered": 100.0, "percent_covered_display": "100", "missing_lines": 0, "excluded_lines": 0, "percent_statements_covered": 100.0, "percent_statements_covered_display": "100"}, "missing_lines": [], "excluded_lines": []}, "TestAggregateMetricsByAction.test_aggregate_filter_by_action": {"executed_lines": [289, 310, 312, 313, 314], "summary": {"covered_lines": 5, "num_statements": 5, "percent_covered": 100.0, "percent_covered_display": "100", "missing_lines": 0, "excluded_lines": 0, "percent_statements_covered": 100.0, "percent_statements_covered_display": "100"}, "missing_lines": [], "excluded_lines": []}, "TestAggregateMetricsByAction.test_aggregate_sum_multiple_entries": {"executed_lines": [318, 339, 341, 342, 343, 344], "summary": {"covered_lines": 6, "num_statements": 6, "percent_covered": 100.0, "percent_covered_display": "100", "missing_lines": 0, "excluded_lines": 0, "percent_statements_covered": 100.0, "percent_statements_covered_display": "100"}, "missing_lines": [], "excluded_lines": []}, "TestAggregateMetricsByAction.test_aggregate_calculates_all_rates": {"executed_lines": [348, 360, 362, 363, 364], "summary": {"covered_lines": 5, "num_statements": 5, "percent_covered": 100.0, "percent_covered_display": "100", "missing_lines": 0, "excluded_lines": 0, "percent_statements_covered": 100.0, "percent_statements_covered_display": "100"}, "missing_lines": [], "excluded_lines": []}, "": {"executed_lines": [1, 5, 6, 7, 8, 10, 12, 18, 19, 21, 28, 35, 43, 51, 59, 65, 80, 87, 94, 106, 118, 131, 145, 166, 189, 202, 212, 230, 231, 233, 238, 258, 287, 316, 346], "summary": {"covered_lines": 32, "num_statements": 32, "percent_covered": 100.0, "percent_covered_display": "100", "missing_lines": 0, "excluded_lines": 0, "percent_statements_covered": 100.0, "percent_statements_covered_display": "100"}, "missing_lines": [], "excluded_lines": []}}, "classes": {"TestAcceptanceTracker": {"executed_lines": [23, 24, 25, 26, 30, 31, 32, 33, 37, 38, 39, 40, 41, 45, 46, 47, 48, 49, 53, 54, 55, 56, 57, 61, 62, 63, 67, 70, 73, 74, 75, 76, 78, 82, 83, 84, 85, 89, 90, 91, 92, 96, 99, 100, 101, 102, 104, 108, 111, 112, 113, 114, 116, 120, 121, 122, 124, 125, 126, 128, 129, 133, 134, 135, 137, 139, 140, 141, 142, 143, 147, 148, 151, 152, 153, 154, 157, 159, 160, 162, 163, 164, 168, 169, 172, 173, 174, 175, 178, 179, 180, 181, 184, 185, 187, 191, 192, 193, 194, 196, 198, 199, 200, 204, 205, 207, 209, 210, 214, 215, 218, 219, 220, 221, 224, 226, 227], "summary": {"covered_lines": 117, "num_statements": 117, "percent_covered": 100.0, "percent_covered_display": "100", "missing_lines": 0, "excluded_lines": 0, "percent_statements_covered": 100.0, "percent_statements_covered_display": "100"}, "missing_lines": [], "excluded_lines": []}, "TestAggregateMetricsByAction": {"executed_lines": [235, 236, 240, 252, 254, 255, 256, 260, 281, 283, 284, 285, 289, 310, 312, 313, 314, 318, 339, 341, 342, 343, 344, 348, 360, 362, 363, 364], "summary": {"covered_lines": 28, "num_statements": 28, "percent_covered": 100.0, "percent_covered_display": "100", "missing_lines": 0, "excluded_lines": 0, "percent_statements_covered": 100.0, "percent_statements_covered_display": "100"}, "missing_lines": [], "excluded_lines": []}, "": {"executed_lines": [1, 5, 6, 7, 8, 10, 12, 18, 19, 21, 28, 35, 43, 51, 59, 65, 80, 87, 94, 106, 118, 131, 145, 166, 189, 202, 212, 230, 231, 233, 238, 258, 287, 316, 346], "summary": {"covered_lines": 32, "num_statements": 32, "percent_covered": 100.0, "percent_covered_display": "100", "missing_lines": 0, "excluded_lines": 0, "percent_statements_covered": 100.0, "percent_statements_covered_display": "100"}, "missing_lines": [], "excluded_lines": []}}}, "tests/test_action_fixer/__init__.py": {"executed_lines": [1], "summary": {"covered_lines": 0, "num_statements": 0, "percent_covered": 100.0, "percent_covered_display": "100", "missing_lines": 0, "excluded_lines": 0, "percent_statements_covered": 100.0, "percent_statements_covered_display": "100"}, "missing_lines": [], "excluded_lines": [], "functions": {"": {"executed_lines": [1], "summary": {"covered_lines": 0, "num_statements": 0, "percent_covered": 100.0, "percent_covered_display": "100", "missing_lines": 0, "excluded_lines": 0, "percent_statements_covered": 100.0, "percent_statements_covered_display": "100"}, "missing_lines": [], "excluded_lines": []}}, "classes": {"": {"executed_lines": [1], "summary": {"covered_lines": 0, "num_statements": 0, "percent_covered": 100.0, "percent_covered_display": "100", "missing_lines": 0, "excluded_lines": 0, "percent_statements_covered": 100.0, "percent_statements_covered_display": "100"}, "missing_lines": [], "excluded_lines": []}}}, "tests/test_action_fixer/test_action_fixer.py": {"executed_lines": [1, 3, 4, 5, 8, 9, 11, 13, 14, 15, 16, 17, 18, 20, 22, 23, 27, 33, 34, 36, 38, 39, 42, 51, 52, 54, 56, 58, 59, 60, 61, 65, 67, 68, 70, 72, 73, 75, 78, 79, 80, 82, 84, 87, 88, 90, 92, 93, 96, 97, 99, 100, 101, 103, 105, 106, 109, 110, 112, 114, 115, 118, 119, 121, 123, 125, 126, 127, 129, 130, 131, 135, 137, 138, 141, 142, 144, 145, 146, 147, 150, 151, 153, 155, 157, 158, 161, 162, 163, 164, 166, 168, 169, 172, 174, 176, 177, 180, 185, 186], "summary": {"covered_lines": 97, "num_statements": 101, "percent_covered": 96.03960396039604, "percent_covered_display": "96", "missing_lines": 4, "excluded_lines": 0, "percent_statements_covered": 96.03960396039604, "percent_statements_covered_display": "96"}, "missing_lines": [62, 63, 132, 133], "excluded_lines": [], "functions": {"TestActionFixer.test_action_yaml_exists": {"executed_lines": [13, 14, 15, 16, 17, 18], "summary": {"covered_lines": 6, "num_statements": 6, "percent_covered": 100.0, "percent_covered_display": "100", "missing_lines": 0, "excluded_lines": 0, "percent_statements_covered": 100.0, "percent_statements_covered_display": "100"}, "missing_lines": [], "excluded_lines": []}, "TestActionFixer.test_action_required_inputs": {"executed_lines": [22, 23, 27, 33, 34], "summary": {"covered_lines": 5, "num_statements": 5, "percent_covered": 100.0, "percent_covered_display": "100", "missing_lines": 0, "excluded_lines": 0, "percent_statements_covered": 100.0, "percent_statements_covered_display": "100"}, "missing_lines": [], "excluded_lines": []}, "TestActionFixer.test_action_optional_inputs_have_defaults": {"executed_lines": [38, 39, 42, 51, 52, 54], "summary": {"covered_lines": 6, "num_statements": 6, "percent_covered": 100.0, "percent_covered_display": "100", "missing_lines": 0, "excluded_lines": 0, "percent_statements_covered": 100.0, "percent_statements_covered_display": "100"}, "missing_lines": [], "excluded_lines": []}, "TestActionFixer.test_action_yaml_syntax_valid": {"executed_lines": [58, 59, 60, 61], "summary": {"covered_lines": 4, "num_statements": 6, "percent_covered": 66.66666666666667, "percent_covered_display": "67", "missing_lines": 2, "excluded_lines": 0, "percent_statements_covered": 66.66666666666667, "percent_statements_covered_display": "67"}, "missing_lines": [62, 63], "excluded_lines": []}, "TestActionFixer.test_fix_prompt_template_exists": {"executed_lines": [67, 68], "summary": {"covered_lines": 2, "num_statements": 2, "percent_covered": 100.0, "percent_covered_display": "100", "missing_lines": 0, "excluded_lines": 0, "percent_statements_covered": 100.0
[...]
_covered": 94.11764705882354, "percent_covered_display": "94", "missing_lines": 2, "excluded_lines": 0, "percent_statements_covered": 94.11764705882354, "percent_statements_covered_display": "94"}, "missing_lines": [165, 166], "excluded_lines": []}, "": {"executed_lines": [1, 3, 4, 5, 6, 7, 8, 11, 12, 14, 24, 35, 51, 61, 67, 72, 77, 82, 87, 97, 107, 120, 130, 139, 150, 151, 153, 168, 177, 186, 194, 207, 215], "summary": {"covered_lines": 30, "num_statements": 30, "percent_covered": 100.0, "percent_covered_display": "100", "missing_lines": 0, "excluded_lines": 0, "percent_statements_covered": 100.0, "percent_statements_covered_display": "100"}, "missing_lines": [], "excluded_lines": []}}}, "tests/test_review_auto_merge/__init__.py": {"executed_lines": [0], "summary": {"covered_lines": 0, "num_statements": 0, "percent_covered": 100.0, "percent_covered_display": "100", "missing_lines": 0, "excluded_lines": 0, "percent_statements_covered": 100.0, "percent_statements_covered_display": "100"}, "missing_lines": [], "excluded_lines": [], "functions": {"": {"executed_lines": [], "summary": {"covered_lines": 0, "num_statements": 0, "percent_covered": 100.0, "percent_covered_display": "100", "missing_lines": 0, "excluded_lines": 0, "percent_statements_covered": 100.0, "percent_statements_covered_display": "100"}, "missing_lines": [], "excluded_lines": []}}, "classes": {"": {"executed_lines": [], "summary": {"covered_lines": 0, "num_statements": 0, "percent_covered": 100.0, "percent_covered_display": "100", "missing_lines": 0, "excluded_lines": 0, "percent_statements_covered": 100.0, "percent_statements_covered_display": "100"}, "missing_lines": [], "excluded_lines": []}}}, "tests/test_review_auto_merge/test_review_auto_merge_action.py": {"executed_lines": [1, 3, 4, 7, 8, 10, 12, 13, 14, 15, 16, 17, 19, 21, 22, 24, 26, 28, 29, 31, 32, 34, 36, 37, 39, 41, 43, 44, 46, 48, 50, 51, 53, 56, 57, 59, 61, 62, 64, 65, 67, 68, 69, 70, 72, 74, 76, 77], "summary": {"covered_lines": 45, "num_statements": 45, "percent_covered": 100.0, "percent_covered_display": "100", "missing_lines": 0, "excluded_lines": 0, "percent_statements_covered": 100.0, "percent_statements_covered_display": "100"}, "missing_lines": [], "excluded_lines": [], "functions": {"TestReviewAutoMergeAction.test_action_yaml_exists": {"executed_lines": [12, 13, 14, 15, 16, 17], "summary": {"covered_lines": 6, "num_statements": 6, "percent_covered": 100.0, "percent_covered_display": "100", "missing_lines": 0, "excluded_lines": 0, "percent_statements_covered": 100.0, "percent_statements_covered_display": "100"}, "missing_lines": [], "excluded_lines": []}, "TestReviewAutoMergeAction.test_action_name_and_description": {"executed_lines": [21, 22, 24], "summary": {"covered_lines": 3, "num_statements": 3, "percent_covered": 100.0, "percent_covered_display": "100", "missing_lines": 0, "excluded_lines": 0, "percent_statements_covered": 100.0, "percent_statements_covered_display": "100"}, "missing_lines": [], "excluded_lines": []}, "TestReviewAutoMergeAction.test_action_required_inputs": {"executed_lines": [28, 29, 31, 32], "summary": {"covered_lines": 4, "num_statements": 4, "percent_covered": 100.0, "percent_covered_display": "100", "missing_lines": 0, "excluded_lines": 0, "percent_statements_covered": 100.0, "percent_statements_covered_display": "100"}, "missing_lines": [], "excluded_lines": []}, "TestReviewAutoMergeAction.test_action_uses_composite_run_type": {"executed_lines": [36, 37, 39], "summary": {"covered_lines": 3, "num_statements": 3, "percent_covered": 100.0, "percent_covered_display": "100", "missing_lines": 0, "excluded_lines": 0, "percent_statements_covered": 100.0, "percent_statements_covered_display": "100"}, "missing_lines": [], "excluded_lines": []}, "TestReviewAutoMergeAction.test_action_has_shell_bash": {"executed_lines": [43, 44, 46], "summary": {"covered_lines": 3, "num_statements": 3, "percent_covered": 100.0, "percent_covered_display": "100", "missing_lines": 0, "excluded_lines": 0, "percent_statements_covered": 100.0, "percent_statements_covered_display": "100"}, "missing_lines": [], "excluded_lines": []}, "TestReviewAutoMergeAction.test_action_has_merge_logic": {"executed_lines": [50, 51, 53], "summary": {"covered_lines": 3, "num_statements": 3, "percent_covered": 100.0, "percent_covered_display": "100", "missing_lines": 0, "excluded_lines": 0, "percent_statements_covered": 100.0, "percent_statements_covered_display": "100"}, "missing_lines": [], "excluded_lines": []}, "TestReviewAutoMergeIntegration.test_action_yaml_syntax": {"executed_lines": [61, 62, 64, 65, 67, 68, 69, 70], "summary": {"covered_lines": 8, "num_statements": 8, "percent_covered": 100.0, "percent_covered_display": "100", "missing_lines": 0, "excluded_lines": 0, "percent_statements_covered": 100.0, "percent_statements_covered_display": "100"}, "missing_lines": [], "excluded_lines": []}, "TestReviewAutoMergeIntegration.test_action_directory_structure": {"executed_lines": [74, 76, 77], "summary": {"covered_lines": 3, "num_statements": 3, "percent_covered": 100.0, "percent_covered_display": "100", "missing_lines": 0, "excluded_lines": 0, "percent_statements_covered": 100.0, "percent_statements_covered_display": "100"}, "missing_lines": [], "excluded_lines": []}, "": {"executed_lines": [1, 3, 4, 7, 8, 10, 19, 26, 34, 41, 48, 56, 57, 59, 72], "summary": {"covered_lines": 12, "num_statements": 12, "percent_covered": 100.0, "percent_covered_display": "100", "missing_lines": 0, "excluded_lines": 0, "percent_statements_covered": 100.0, "percent_statements_covered_display": "100"}, "missing_lines": [], "excluded_lines": []}}, "classes": {"TestReviewAutoMergeAction": {"executed_lines": [12, 13, 14, 15, 16, 17, 21, 22, 24, 28, 29, 31, 32, 36, 37, 39, 43, 44, 46, 50, 51, 53], "summary": {"covered_lines": 22, "num_statements": 22, "percent_covered": 100.0, "percent_covered_display": "100", "missing_lines": 0, "excluded_lines": 0, "percent_statements_covered": 100.0, "percent_statements_covered_display": "100"}, "missing_lines": [], "excluded_lines": []}, "TestReviewAutoMergeIntegration": {"executed_lines": [61, 62, 64, 65, 67, 68, 69, 70, 74, 76, 77], "summary": {"covered_lines": 11, "num_statements": 11, "percent_covered": 100.0, "percent_covered_display": "100", "missing_lines": 0, "excluded_lines": 0, "percent_statements_covered": 100.0, "percent_statements_covered_display": "100"}, "missing_lines": [], "excluded_lines": []}, "": {"executed_lines": [1, 3, 4, 7, 8, 10, 19, 26, 34, 41, 48, 56, 57, 59, 72], "summary": {"covered_lines": 12, "num_statements": 12, "percent_covered": 100.0, "percent_covered_display": "100", "missing_lines": 0, "excluded_lines": 0, "percent_statements_covered": 100.0, "percent_statements_covered_display": "100"}, "missing_lines": [], "excluded_lines": []}}}, "tests/test_spec_to_code/__init__.py": {"executed_lines": [1], "summary": {"covered_lines": 0, "num_statements": 0, "percent_covered": 100.0, "percent_covered_display": "100", "missing_lines": 0, "excluded_lines": 0, "percent_statements_covered": 100.0, "percent_statements_covered_display": "100"}, "missing_lines": [], "excluded_lines": [], "functions": {"": {"executed_lines": [1], "summary": {"covered_lines": 0, "num_statements": 0, "percent_covered": 100.0, "percent_covered_display": "100", "missing_lines": 0, "excluded_lines": 0, "percent_statements_covered": 100.0, "percent_statements_covered_display": "100"}, "missing_lines": [], "excluded_lines": []}}, "classes": {"": {"executed_lines": [1], "summary": {"covered_lines": 0, "num_statements": 0, "percent_covered": 100.0, "percent_covered_display": "100", "missing_lines": 0, "excluded_lines": 0, "percent_statements_covered": 100.0, "percent_statements_covered_display": "100"}, "missing_lines": [], "excluded_lines": []}}}, "tests/test_spec_to_code/test_spec_to_code_action.py": {"executed_lines": [1, 3, 4, 7, 8, 10, 12, 13, 14, 15, 16, 17, 19, 21, 22, 25, 26, 27, 29, 31, 32, 35, 41, 42, 44, 47, 49, 50, 53, 54, 55, 57, 59, 60, 63, 64, 66, 68, 69, 72, 73, 75, 77, 78, 81, 82, 84, 86, 87, 90, 92, 94, 95, 98, 99, 101, 103, 104, 107, 108, 110, 112, 113, 116, 117, 118, 120, 122, 123, 126, 127, 129, 131, 132, 134, 136, 137, 140, 141, 142, 145, 146, 150, 151, 153, 155, 158, 159, 160, 161, 162, 163, 164, 168, 170, 173, 176, 177, 179, 181, 182, 183, 185, 188, 189, 192, 193, 195, 197, 198, 201, 202, 205, 207, 209, 210, 213, 214, 216, 218, 219, 222, 223, 225, 227, 228, 231, 232, 234, 236, 237, 240, 243, 244, 245, 247, 248, 249, 250], "summary": {"covered_lines": 136, "num_statements": 138, "percent_covered": 98.55072463768116, "percent_covered_display": "99", "missing_lines": 2, "excluded_lines": 0, "percent_statements_covered": 98.55072463768116, "percent_statements_covered_display": "99"}, "missing_lines": [165, 166], "excluded_lines": [], "functions": {"TestSpecToCodeAction.test_action_yaml_exists": {"executed_lines": [12, 13, 14, 15, 16, 17], "summary": {"covered_lines": 6, "num_statements": 6, "percent_covered": 100.0, "percent_covered_display": "100", "missing_lines": 0, "excluded_lines": 0, "percent_statements_covered": 100.0, "percent_statements_covered_display": "100"}, "missing_lines": [], "excluded_lines": []}, "TestSpecToCodeAction.test_action_required_inputs": {"executed_lines": [21, 22, 25, 26, 27], "summary": {"covered_lines": 5, "num_statements": 5, "percent_covered": 100.0, "percent_covered_display": "100", "missing_lines": 0, "excluded_lines": 0, "percent_statements_covered": 100.0, "percent_statements_covered_display": "100"}, "missing_lines": [], "excluded_lines": []}, "TestSpecToCodeAction.test_action_optional_inputs_with_defaults": {"executed_lines": [31, 32, 35, 41, 42, 44], "summary": {"covered_lines": 6, "num_statements": 6, "percent_covered": 100.0, "percent_covered_display": "100", "missing_lines": 0, "excluded_lines": 0, "percent_statements_covered": 100.0, "percent_statements_covered_display": "100"}, "missing_lines": [], "excluded_lines": []}, "TestSpecToCodeAction.test_action_has_path_validation": {"executed_lines": [49, 50, 53, 54, 55], "summary": {"covered_lines": 5, "num_statements": 5, "percent_covered": 100.0, "percent_covered_display": "100", "missing_lines": 0, "excluded_lines": 0, "percent_statements_covered": 100.0, "percent_statements_covered_display": "100"}, "missing_lines": [], "excluded_lines": []}, "TestSpecToCodeAction.test_action_has_security_checks": {"executed_lines": [59, 60, 63, 64], "summary": {"covered_lines": 4, "num_statements": 4, "percent_covered": 100.0, "percent_covered_display": "100", "missing_lines": 0, "excluded_lines": 0, "percent_statements_covered": 100.0, "percent_statements_covered_display": "100"}, "missing_lines": [], "excluded_lines": []}, "TestSpecToCodeAction.test_action_validates_spec_file": {"executed_lines": [68, 69, 72, 73], "summary": {"covered_lines": 4, "num_statements": 4, "percent_covered": 100.0, "percent_covered_display": "100", "missing_lines": 0, "excluded_lines": 0, "percent_statements_covered": 100.0, "percent_statements_covered_display": "100"}, "missing_lines": [], "excluded_lines": []}, "TestSpecToCodeAction.test_action_uses_base64_encoding": {"executed_lines": [77, 78, 81, 82], "summary": {"covered_lines": 4, "num_statements": 4, "percent_covered": 100.0, "percent_covered_display": "100", "missing_lines": 0, "excluded_lines": 0, "percent_statements_covered": 100.0, "percent_statements_covered_display": "100"}, "missing_lines": [], "excluded_lines": []}, "TestSpecToCodeAction.test_action_uses_envsubst": {"executed_lines": [86, 87, 90], "summary": {"covered_lines": 3, "num_statements": 3, "percent_covered": 100.0, "percent_covered_display": "100", "missing_lines": 0, "excluded_lines": 0, "percent_statements_covered": 100.0, "percent_statements_covered_display": "100"}, "missing_lines": [], "excluded_lines": []}, "TestSpecToCodeAction.test_action_supports_custom_template": {"executed_lines": [94, 95, 98, 99], "summary": {"covered_lines": 4, "num_statements": 4, "percent_covered": 100.0, "percent_covered_display": "100", "missing_lines": 0, "excluded_lines": 0, "percent_statements_covered": 100.0, "percent_statements_covered_display": "100"}, "missing_lines": [], "excluded_lines": []}, "TestSpecToCodeAction.test_action_invokes_claude_cli": {"executed_lines": [103, 104, 107, 108], "summary": {"covered_lines": 4, "num_statements": 4, "percent_covered": 100.0, "percent_covered_display": "100", "missing_lines": 0, "excluded_lines": 0, "percent_statements_covered": 100.0, "percent_statements_covered_display": "100"}, "missing_lines": [], "excluded_lines": []}, "TestSpecToCodeAction.test_action_sets_environment_variables": {"executed_lines": [112, 113, 116, 117, 118], "summary": {"covered_lines": 5, "num_statements": 5, "percent_covered": 100.0, "percent_covered_display": "100", "missing_lines": 0, "excluded_lines": 0, "percent_statements_covered": 100.0, "percent_statements_covered_display": "100"}, "missing_lines": [], "excluded_lines": []}, "TestSpecToCodeAction.test_action_has_error_handling": {"executed_lines": [122, 123, 126, 127], "summary": {"covered_lines": 4, "num_statements": 4, "percent_covered": 100.0, "percent_covered_display": "100", "missing_lines": 0, "excluded_lines": 0, "percent_statements_covered": 100.0, "percent_statements_covered_display": "100"}, "missing_lines": [], "excluded_lines": []}, "TestSpecToCodeAction.test_generation_prompt_template_exists": {"executed_lines": [131, 132], "summary": {"covered_lines": 2, "num_statements": 2, "percent_covered": 100.0, "percent_covered_display": "100", "missing_lines": 0, "excluded_lines": 0, "percent_statements_covered": 100.0, "percent_statements_covered_display": "100"}, "missing_lines": [], "excluded_lines": []}, "TestSpecToCodeAction.test_generation_prompt_template_content": {"executed_lines": [136, 137, 140, 141, 142, 145, 146], "summary": {"covered_lines": 7, "num_statements": 7, "percent_covered": 100.0, "percent_covered_display": "100", "missing_lines": 0, "excluded_lines": 0, "percent_statements_covered": 100.0, "percent_statements_covered_display": "100"}, "missing_lines": [], "excluded_lines": []}, "TestSpecToCodeIntegration.test_action_yaml_syntax": {"executed_lines": [155, 158, 159, 160, 161, 162, 163, 164], "summary": {"covered_lines": 8, "num_statements": 10, "percent_covered": 80.0, "percent_covered_display": "80", "missing_lines": 2, "excluded_lines": 0, "percent_statements_covered": 80.0, "percent_statements_covered_display": "80"}, "missing_lines": [165, 166], "excluded_lines": []}, "TestSpecToCodeIntegration.test_action_directory_structure": {"executed_lines": [170, 173, 176, 177], "summary": {"covered_lines": 4, "num_statements": 4, "percent_covered": 100.0, "percent_covered_display": "100", "missing_lines": 0, "excluded_lines": 0, "percent_statements_covered": 100.0, "percent_statements_covered_display": "100"}, "missing_lines": [], "excluded_lines": []}, "TestSpecToCodeIntegration.test_template_readable": {"executed_lines": [181, 182, 183], "summary": {"covered_lines": 3, "num_statements": 3, "percent_covered": 100.0, "percent_covered_display": "100", "missing_lines": 0, "excluded_lines": 0, "percent_statements_covered": 100.0, "percent_statements_covered_display": "100"}, "missing_lines": [], "excluded_lines": []}, "TestSpecToCodeIntegration.test_spec_validation_workflow": {"executed_lines": [188, 189, 192, 193], "summary": {"covered_lines": 4, "num_statements": 4, "percent_covered": 100.0, "percent_covered_display": "100", "missing_lines": 0, "excluded_lines": 0, "percent_statements_covered": 100.0, "percent_statements_covered_display": "100"}, "missing_lines": [], "excluded_lines": []}, "TestSpecToCodeIntegration.test_supported_languages_documented": {"executed_lines": [197, 198, 201, 202, 205], "summary": {"covered_lines": 5, "num_statements": 5, "percent_covered": 100.0, "percent_covered_display": "100", "missing_lines": 0, "excluded_lines": 0, "percent_statements_covered": 100.0, "percent_statements_covered_display": "100"}, "missing_lines": [], "excluded_lines": []}, "TestSpecToCodeIntegration.test_action_handles_special_characters": {"executed_lines": [209, 210, 213, 214], "summary": {"covered_lines": 4, "num_statements": 4, "percent_covered": 100.0, "percent_covered_display": "100", "missing_lines": 0, "excluded_lines": 0, "percent_statements_covered": 100.0, "percent_statements_covered_display": "100"}, "missing_lines": [], "excluded_lines": []}, "TestSpecToCodeIntegration.test_output_directory_handling": {"executed_lines": [218, 219, 222, 223], "summary": {"covered_lines": 4, "num_statements": 4, "percent_covered": 100.0, "percent_covered_display": "100", "missing_lines": 0, "excluded_lines": 0, "percent_statements_covered": 100.0, "percent_statements_covered_display": "100"}, "missing_lines": [], "excluded_lines": []}, "TestSpecToCodeIntegration.test_claude_model_parameter": {"executed_lines": [227, 228, 231, 232], "summary": {"covered_lines": 4, "num_statements": 4, "percent_covered": 100.0, "percent_covered_display": "100", "missing_lines": 0, "excluded_lines": 0, "percent_statements_covered": 100.0, "percent_statements_covered_display": "100"}, "missing_lines": [], "excluded_lines": []}, "TestSpecToCodeIntegration.test_workflow_step_sequence": {"executed_lines": [236, 237, 240, 243, 244, 245, 247, 248, 249, 250], "summary": {"covered_lines": 10, "num_statements": 10, "percent_covered": 100.0, "percent_covered_display": "100", "missing_lines": 0, "excluded_lines": 0, "percent_statements_covered": 100.0, "percent_statements_covered_display": "100"}, "missing_lines": [], "excluded_lines": []}, "": {"executed_lines": [1, 3, 4, 7, 8, 10, 19, 29, 47, 57, 66, 75, 84, 92, 101, 110, 120, 129, 134, 150, 151, 153, 168, 179, 185, 195, 207, 216, 225, 234], "summary": {"covered_lines": 27, "num_statements": 27, "percent_covered": 100.0, "percent_covered_display": "100", "missing_lines": 0, "excluded_lines": 0, "percent_statements_covered": 100.0, "percent_statements_covered_display": "100"}, "missing_lines": [], "excluded_lines": []}}, "classes": {"TestSpecToCodeAction": {"executed_lines": [12, 13, 14, 15, 16, 17, 21, 22, 25, 26, 27, 31, 32, 35, 41, 42, 44, 49, 50, 53, 54, 55, 59, 60, 63, 64, 68, 69, 72, 73, 77, 78, 81, 82, 86, 87, 90, 94, 95, 98, 99, 103, 104, 107, 108, 112, 113, 116, 117, 118, 122, 123, 126, 127, 131, 132, 136, 137, 140, 141, 142, 145, 146], "summary": {"covered_lines": 63, "num_statements": 63, "percent_covered": 100.0, "percent_covered_display": "100", "missing_lines": 0, "excluded_lines": 0, "percent_statements_covered": 100.0, "percent_statements_covered_display": "100"}, "missing_lines": [], "excluded_lines": []}, "TestSpecToCodeIntegration": {"executed_lines": [155, 158, 159, 160, 161, 162, 163, 164, 170, 173, 176, 177, 181, 182, 183, 188, 189, 192, 193, 197, 198, 201, 202, 205, 209, 210, 213, 214, 218, 219, 222, 223, 227, 228, 231, 232, 236, 237, 240, 243, 244, 245, 247, 248, 249, 250], "summary": {"covered_lines": 46, "num_statements": 48, "percent_covered": 95.83333333333333, "percent_covered_display": "96", "missing_lines": 2, "excluded_lines": 0, "percent_statements_covered": 95.83333333333333, "percent_statements_covered_display": "96"}, "missing_lines": [165, 166], "excluded_lines": []}, "": {"executed_lines": [1, 3, 4, 7, 8, 10, 19, 29, 47, 57, 66, 75, 84, 92, 101, 110, 120, 129, 134, 150, 151, 153, 168, 179, 185, 195, 207, 216, 225, 234], "summary": {"covered_lines": 27, "num_statements": 27, "percent_covered": 100.0, "percent_covered_display": "100", "missing_lines": 0, "excluded_lines": 0, "percent_statements_covered": 100.0, "percent_statements_covered_display": "100"}, "missing_lines": [], "excluded_lines": []}}}}, "totals": {"covered_lines": 2143, "num_statements": 2268, "percent_covered": 94.48853615520282, "percent_covered_display": "94", "missing_lines": 125, "excluded_lines": 0, "percent_statements_covered": 94.48853615520282, "percent_statements_covered_display": "94"}}